[0.205s] DEBUG:colcon:Command line arguments: ['/usr/bin/colcon', 'build']
[0.205s] DEBUG:colcon:Parsed command line arguments: Namespace(log_base=None, log_level=None, verb_name='build', build_base='build', install_base='install', merge_install=False, symlink_install=False, test_result_base=None, continue_on_error=False, executor='parallel', parallel_workers=16, event_handlers=None, ignore_user_meta=False, metas=['./colcon.meta'], base_paths=['.'], packages_ignore=None, packages_ignore_regex=None, paths=None, packages_up_to=None, packages_up_to_regex=None, packages_above=None, packages_above_and_dependencies=None, packages_above_depth=None, packages_select_by_dep=None, packages_skip_by_dep=None, packages_skip_up_to=None, packages_select_build_failed=False, packages_skip_build_finished=False, packages_select_test_failures=False, packages_skip_test_passed=False, packages_select=None, packages_skip=None, packages_select_regex=None, packages_skip_regex=None, packages_start=None, packages_end=None, cmake_args=None, cmake_target=None, cmake_target_skip_unavailable=False, cmake_clean_cache=False, cmake_clean_first=False, cmake_force_configure=False, ament_cmake_args=None, catkin_cmake_args=None, catkin_skip_building_tests=False, verb_parser=<colcon_defaults.argument_parser.defaults.DefaultArgumentsDecorator object at 0x7f3560b15490>, verb_extension=<colcon_core.verb.build.BuildVerb object at 0x7f3560b15400>, main=<bound method BuildVerb.main of <colcon_core.verb.build.BuildVerb object at 0x7f3560b15400>>)
[0.285s] Level 1:colcon.colcon_core.package_discovery:discover_packages(colcon_meta) check parameters
[0.287s] Level 1:colcon.colcon_core.package_discovery:discover_packages(recursive) check parameters
[0.287s] Level 1:colcon.colcon_core.package_discovery:discover_packages(ignore) check parameters
[0.287s] Level 1:colcon.colcon_core.package_discovery:discover_packages(path) check parameters
[0.288s] Level 1:colcon.colcon_core.package_discovery:discover_packages(colcon_meta) discover
[0.288s] Level 1:colcon.colcon_core.package_discovery:discover_packages(recursive) discover
[0.288s] INFO:colcon.colcon_core.package_discovery:Crawling recursively for packages in '/mnt/c/ros2_ws'
[0.291s] Level 1:colcon.colcon_core.package_identification:_identify(.) by extensions ['ignore', 'ignore_ament_install']
[0.291s] Level 1:colcon.colcon_core.package_identification:_identify(.) by extension 'ignore'
[0.292s] Level 1:colcon.colcon_core.package_identification:_identify(.) by extension 'ignore_ament_install'
[0.293s] Level 1:colcon.colcon_core.package_identification:_identify(.) by extensions ['colcon_pkg']
[0.293s] Level 1:colcon.colcon_core.package_identification:_identify(.) by extension 'colcon_pkg'
[0.294s] Level 1:colcon.colcon_core.package_identification:_identify(.) by extensions ['colcon_meta']
[0.294s] Level 1:colcon.colcon_core.package_identification:_identify(.) by extension 'colcon_meta'
[0.294s] Level 1:colcon.colcon_core.package_identification:_identify(.) by extensions ['ros']
[0.294s] Level 1:colcon.colcon_core.package_identification:_identify(.) by extension 'ros'
[0.331s] Level 1:colcon.colcon_core.package_identification:_identify(.) by extensions ['cmake', 'python']
[0.331s] Level 1:colcon.colcon_core.package_identification:_identify(.) by extension 'cmake'
[0.332s] Level 1:colcon.colcon_core.package_identification:_identify(.) by extension 'python'
[0.332s] Level 1:colcon.colcon_core.package_identification:_identify(.) by extensions ['python_setup_py']
[0.333s] Level 1:colcon.colcon_core.package_identification:_identify(.) by extension 'python_setup_py'
[0.336s] Level 1:colcon.colcon_core.package_identification:_identify(build) by extensions ['ignore', 'ignore_ament_install']
[0.336s] Level 1:colcon.colcon_core.package_identification:_identify(build) by extension 'ignore'
[0.338s] Level 1:colcon.colcon_core.package_identification:_identify(build) ignored
[0.340s] Level 1:colcon.colcon_core.package_identification:_identify(install) by extensions ['ignore', 'ignore_ament_install']
[0.341s] Level 1:colcon.colcon_core.package_identification:_identify(install) by extension 'ignore'
[0.342s] Level 1:colcon.colcon_core.package_identification:_identify(install) ignored
[0.346s] Level 1:colcon.colcon_core.package_identification:_identify(log) by extensions ['ignore', 'ignore_ament_install']
[0.346s] Level 1:colcon.colcon_core.package_identification:_identify(log) by extension 'ignore'
[0.347s] Level 1:colcon.colcon_core.package_identification:_identify(log) ignored
[0.350s] Level 1:colcon.colcon_core.package_identification:_identify(src) by extensions ['ignore', 'ignore_ament_install']
[0.350s] Level 1:colcon.colcon_core.package_identification:_identify(src) by extension 'ignore'
[0.351s] Level 1:colcon.colcon_core.package_identification:_identify(src) by extension 'ignore_ament_install'
[0.352s] Level 1:colcon.colcon_core.package_identification:_identify(src) by extensions ['colcon_pkg']
[0.353s] Level 1:colcon.colcon_core.package_identification:_identify(src) by extension 'colcon_pkg'
[0.353s] Level 1:colcon.colcon_core.package_identification:_identify(src) by extensions ['colcon_meta']
[0.354s] Level 1:colcon.colcon_core.package_identification:_identify(src) by extension 'colcon_meta'
[0.355s] Level 1:colcon.colcon_core.package_identification:_identify(src) by extensions ['ros']
[0.355s] Level 1:colcon.colcon_core.package_identification:_identify(src) by extension 'ros'
[0.358s] Level 1:colcon.colcon_core.package_identification:_identify(src) by extensions ['cmake', 'python']
[0.358s] Level 1:colcon.colcon_core.package_identification:_identify(src) by extension 'cmake'
[0.359s] Level 1:colcon.colcon_core.package_identification:_identify(src) by extension 'python'
[0.359s] Level 1:colcon.colcon_core.package_identification:_identify(src) by extensions ['python_setup_py']
[0.360s] Level 1:colcon.colcon_core.package_identification:_identify(src) by extension 'python_setup_py'
[0.368s] Level 1:colcon.colcon_core.package_identification:_identify(src/rake_umay_description) by extensions ['ignore', 'ignore_ament_install']
[0.375s] Level 1:colcon.colcon_core.package_identification:_identify(src/rake_umay_description) by extension 'ignore'
[0.377s] Level 1:colcon.colcon_core.package_identification:_identify(src/rake_umay_description) by extension 'ignore_ament_install'
[0.380s] Level 1:colcon.colcon_core.package_identification:_identify(src/rake_umay_description) by extensions ['colcon_pkg']
[0.380s] Level 1:colcon.colcon_core.package_identification:_identify(src/rake_umay_description) by extension 'colcon_pkg'
[0.382s] Level 1:colcon.colcon_core.package_identification:_identify(src/rake_umay_description) by extensions ['colcon_meta']
[0.382s] Level 1:colcon.colcon_core.package_identification:_identify(src/rake_umay_description) by extension 'colcon_meta'
[0.384s] Level 1:colcon.colcon_core.package_identification:_identify(src/rake_umay_description) by extensions ['ros']
[0.384s] Level 1:colcon.colcon_core.package_identification:_identify(src/rake_umay_description) by extension 'ros'
[0.398s] DEBUG:colcon.colcon_core.package_identification:Package 'src/rake_umay_description' with type 'ros.ament_cmake' and name 'rake_umay_description'
[0.398s] Level 1:colcon.colcon_core.package_discovery:discover_packages(recursive) using defaults
[0.398s] Level 1:colcon.colcon_core.package_discovery:discover_packages(ignore) discover
[0.399s] Level 1:colcon.colcon_core.package_discovery:discover_packages(ignore) using defaults
[0.399s] Level 1:colcon.colcon_core.package_discovery:discover_packages(path) discover
[0.399s] Level 1:colcon.colcon_core.package_discovery:discover_packages(path) using defaults
[0.425s] Level 5:colcon.colcon_core.verb:set package 'rake_umay_description' build argument 'cmake_args' from command line to 'None'
[0.426s] Level 5:colcon.colcon_core.verb:set package 'rake_umay_description' build argument 'cmake_target' from command line to 'None'
[0.426s] Level 5:colcon.colcon_core.verb:set package 'rake_umay_description' build argument 'cmake_target_skip_unavailable' from command line to 'False'
[0.426s] Level 5:colcon.colcon_core.verb:set package 'rake_umay_description' build argument 'cmake_clean_cache' from command line to 'False'
[0.427s] Level 5:colcon.colcon_core.verb:set package 'rake_umay_description' build argument 'cmake_clean_first' from command line to 'False'
[0.427s] Level 5:colcon.colcon_core.verb:set package 'rake_umay_description' build argument 'cmake_force_configure' from command line to 'False'
[0.427s] Level 5:colcon.colcon_core.verb:set package 'rake_umay_description' build argument 'ament_cmake_args' from command line to 'None'
[0.428s] Level 5:colcon.colcon_core.verb:set package 'rake_umay_description' build argument 'catkin_cmake_args' from command line to 'None'
[0.428s] Level 5:colcon.colcon_core.verb:set package 'rake_umay_description' build argument 'catkin_skip_building_tests' from command line to 'False'
[0.428s] DEBUG:colcon.colcon_core.verb:Building package 'rake_umay_description' with the following arguments: {'ament_cmake_args': None, 'build_base': '/mnt/c/ros2_ws/build/rake_umay_description', 'catkin_cmake_args': None, 'catkin_skip_building_tests': False, 'cmake_args': None, 'cmake_clean_cache': False, 'cmake_clean_first': False, 'cmake_force_configure': False, 'cmake_target': None, 'cmake_target_skip_unavailable': False, 'install_base': '/mnt/c/ros2_ws/install/rake_umay_description', 'merge_install': False, 'path': '/mnt/c/ros2_ws/src/rake_umay_description', 'symlink_install': False, 'test_result_base': None}
[0.428s] INFO:colcon.colcon_core.executor:Executing jobs using 'parallel' executor
[0.430s] DEBUG:colcon.colcon_parallel_executor.executor.parallel:run_until_complete
[0.431s] INFO:colcon.colcon_ros.task.ament_cmake.build:Building ROS package in '/mnt/c/ros2_ws/src/rake_umay_description' with build type 'ament_cmake'
[0.431s] INFO:colcon.colcon_cmake.task.cmake.build:Building CMake package in '/mnt/c/ros2_ws/src/rake_umay_description'
[0.435s] INFO:colcon.colcon_core.plugin_system:Skipping extension 'colcon_core.shell.bat': Not used on non-Windows systems
[0.435s] DEBUG:colcon.colcon_core.shell:Skip shell extension 'dsv' for command environment
[0.565s] DEBUG:colcon.colcon_core.event_handler.log_command:Invoking command in '/mnt/c/ros2_ws/build/rake_umay_description': CMAKE_PREFIX_PATH=${CMAKE_PREFIX_PATH}:/opt/ros/jazzy /usr/bin/cmake --build /mnt/c/ros2_ws/build/rake_umay_description -- -j16 -l16
[0.715s] DEBUG:colcon.colcon_core.event_handler.log_command:Invoked command in '/mnt/c/ros2_ws/build/rake_umay_description' returned '0': CMAKE_PREFIX_PATH=${CMAKE_PREFIX_PATH}:/opt/ros/jazzy /usr/bin/cmake --build /mnt/c/ros2_ws/build/rake_umay_description -- -j16 -l16
[0.764s] DEBUG:colcon.colcon_core.event_handler.log_command:Invoking command in '/mnt/c/ros2_ws/build/rake_umay_description': CMAKE_PREFIX_PATH=${CMAKE_PREFIX_PATH}:/opt/ros/jazzy /usr/bin/cmake --install /mnt/c/ros2_ws/build/rake_umay_description
[1.691s] Level 1:colcon.colcon_core.environment:create_environment_scripts_only(rake_umay_description)
[1.694s] DEBUG:colcon.colcon_core.event_handler.log_command:Invoked command in '/mnt/c/ros2_ws/build/rake_umay_description' returned '0': CMAKE_PREFIX_PATH=${CMAKE_PREFIX_PATH}:/opt/ros/jazzy /usr/bin/cmake --install /mnt/c/ros2_ws/build/rake_umay_description
[1.695s] Level 1:colcon.colcon_core.environment:checking '/mnt/c/ros2_ws/install/rake_umay_description' for CMake module files
[1.795s] Level 1:colcon.colcon_core.environment:checking '/mnt/c/ros2_ws/install/rake_umay_description' for CMake config files
[1.878s] Level 1:colcon.colcon_core.shell:create_environment_hook('rake_umay_description', 'cmake_prefix_path')
[1.878s] INFO:colcon.colcon_core.shell:Creating environment descriptor '/mnt/c/ros2_ws/install/rake_umay_description/share/rake_umay_description/hook/cmake_prefix_path.dsv'
[1.895s] INFO:colcon.colcon_core.shell:Creating environment hook '/mnt/c/ros2_ws/install/rake_umay_description/share/rake_umay_description/hook/cmake_prefix_path.sh'
[1.920s] Level 1:colcon.colcon_core.environment:checking '/mnt/c/ros2_ws/install/rake_umay_description/bin'
[1.921s] Level 1:colcon.colcon_core.environment:checking '/mnt/c/ros2_ws/install/rake_umay_description/lib/pkgconfig/rake_umay_description.pc'
[1.926s] Level 1:colcon.colcon_core.environment:checking '/mnt/c/ros2_ws/install/rake_umay_description/lib/python3.12/site-packages'
[1.928s] Level 1:colcon.colcon_core.environment:checking '/mnt/c/ros2_ws/install/rake_umay_description/bin'
[1.931s] INFO:colcon.colcon_core.shell:Creating package descriptor '/mnt/c/ros2_ws/install/rake_umay_description/share/rake_umay_description/package.dsv'
[1.946s] INFO:colcon.colcon_core.shell:Creating package script '/mnt/c/ros2_ws/install/rake_umay_description/share/rake_umay_description/package.sh'
[1.960s] INFO:colcon.colcon_core.shell:Creating package script '/mnt/c/ros2_ws/install/rake_umay_description/share/rake_umay_description/package.bash'
[1.974s] INFO:colcon.colcon_core.shell:Creating package script '/mnt/c/ros2_ws/install/rake_umay_description/share/rake_umay_description/package.zsh'
[1.989s] Level 1:colcon.colcon_core.environment:create_file_with_runtime_dependencies(/mnt/c/ros2_ws/install/rake_umay_description/share/colcon-core/packages/rake_umay_description)
[2.020s] Level 1:colcon.colcon_core.environment:create_environment_scripts_only(rake_umay_description)
[2.021s] Level 1:colcon.colcon_core.environment:checking '/mnt/c/ros2_ws/install/rake_umay_description' for CMake module files
[2.123s] Level 1:colcon.colcon_core.environment:checking '/mnt/c/ros2_ws/install/rake_umay_description' for CMake config files
[2.206s] Level 1:colcon.colcon_core.shell:create_environment_hook('rake_umay_description', 'cmake_prefix_path')
[2.206s] INFO:colcon.colcon_core.shell:Creating environment descriptor '/mnt/c/ros2_ws/install/rake_umay_description/share/rake_umay_description/hook/cmake_prefix_path.dsv'
[2.229s] INFO:colcon.colcon_core.shell:Creating environment hook '/mnt/c/ros2_ws/install/rake_umay_description/share/rake_umay_description/hook/cmake_prefix_path.sh'
[2.251s] Level 1:colcon.colcon_core.environment:checking '/mnt/c/ros2_ws/install/rake_umay_description/bin'
[2.252s] Level 1:colcon.colcon_core.environment:checking '/mnt/c/ros2_ws/install/rake_umay_description/lib/pkgconfig/rake_umay_description.pc'
[2.254s] Level 1:colcon.colcon_core.environment:checking '/mnt/c/ros2_ws/install/rake_umay_description/lib/python3.12/site-packages'
[2.256s] Level 1:colcon.colcon_core.environment:checking '/mnt/c/ros2_ws/install/rake_umay_description/bin'
[2.258s] INFO:colcon.colcon_core.shell:Creating package descriptor '/mnt/c/ros2_ws/install/rake_umay_description/share/rake_umay_description/package.dsv'
[2.272s] INFO:colcon.colcon_core.shell:Creating package script '/mnt/c/ros2_ws/install/rake_umay_description/share/rake_umay_description/package.sh'
[2.286s] INFO:colcon.colcon_core.shell:Creating package script '/mnt/c/ros2_ws/install/rake_umay_description/share/rake_umay_description/package.bash'
[2.301s] INFO:colcon.colcon_core.shell:Creating package script '/mnt/c/ros2_ws/install/rake_umay_description/share/rake_umay_description/package.zsh'
[2.319s] Level 1:colcon.colcon_core.environment:create_file_with_runtime_dependencies(/mnt/c/ros2_ws/install/rake_umay_description/share/colcon-core/packages/rake_umay_description)
[2.331s] DEBUG:colcon.colcon_parallel_executor.executor.parallel:closing loop
[2.332s] DEBUG:colcon.colcon_parallel_executor.executor.parallel:loop closed
[2.332s] DEBUG:colcon.colcon_parallel_executor.executor.parallel:run_until_complete finished with '0'
[2.332s] DEBUG:colcon.colcon_core.event_reactor:joining thread
[2.417s] INFO:colcon.colcon_core.plugin_system:Skipping extension 'colcon_notification.desktop_notification.notify_send': Could not find 'notify-send'
[2.417s] INFO:colcon.colcon_core.plugin_system:Skipping extension 'colcon_notification.desktop_notification.terminal_notifier': Not used on non-Darwin systems
[2.417s] INFO:colcon.colcon_core.plugin_system:Skipping extension 'colcon_notification.desktop_notification.win32': Not used on non-Windows systems
[2.418s] INFO:colcon.colcon_notification.desktop_notification:Sending desktop notification using 'notify2'
[2.419s] DEBUG:colcon.colcon_notification.desktop_notification.notify2:Failed to initialize notify2: org.freedesktop.DBus.Error.ServiceUnknown: The name org.freedesktop.Notifications was not provided by any .service files
[2.420s] DEBUG:colcon.colcon_core.event_reactor:joined thread
[2.421s] INFO:colcon.colcon_core.shell:Creating prefix script '/mnt/c/ros2_ws/install/local_setup.sh'
[2.429s] INFO:colcon.colcon_core.shell:Creating prefix util module '/mnt/c/ros2_ws/install/_local_setup_util_sh.py'
[2.436s] INFO:colcon.colcon_core.shell:Creating prefix chain script '/mnt/c/ros2_ws/install/setup.sh'
[2.454s] INFO:colcon.colcon_core.shell:Creating prefix script '/mnt/c/ros2_ws/install/local_setup.bash'
[2.460s] INFO:colcon.colcon_core.shell:Creating prefix chain script '/mnt/c/ros2_ws/install/setup.bash'
[2.480s] INFO:colcon.colcon_core.shell:Creating prefix script '/mnt/c/ros2_ws/install/local_setup.zsh'
[2.487s] INFO:colcon.colcon_core.shell:Creating prefix chain script '/mnt/c/ros2_ws/install/setup.zsh'
