[0.074s] Invoking command in '/mnt/c/ros2_ws/build/rake_umay_description': CMAKE_PREFIX_PATH=${CMAKE_PREFIX_PATH}:/opt/ros/jazzy /usr/bin/cmake --build /mnt/c/ros2_ws/build/rake_umay_description -- -j16 -l16
[0.147s] Invoked command in '/mnt/c/ros2_ws/build/rake_umay_description' returned '0': CMAKE_PREFIX_PATH=${CMAKE_PREFIX_PATH}:/opt/ros/jazzy /usr/bin/cmake --build /mnt/c/ros2_ws/build/rake_umay_description -- -j16 -l16
[0.170s] Invoking command in '/mnt/c/ros2_ws/build/rake_umay_description': CMAKE_PREFIX_PATH=${CMAKE_PREFIX_PATH}:/opt/ros/jazzy /usr/bin/cmake --install /mnt/c/ros2_ws/build/rake_umay_description
[0.182s] -- Install configuration: ""
[0.191s] -- Up-to-date: /mnt/c/ros2_ws/install/rake_umay_description/share/rake_umay_description/urdf
[0.209s] -- Up-to-date: /mnt/c/ros2_ws/install/rake_umay_description/share/rake_umay_description/urdf/rake_umay_sensors.urdf.xacro
[0.226s] -- Up-to-date: /mnt/c/ros2_ws/install/rake_umay_description/share/rake_umay_description/urdf/rake_umay_v2.urdf.xacro
[0.239s] -- Up-to-date: /mnt/c/ros2_ws/install/rake_umay_description/share/rake_umay_description/launch
[0.258s] -- Up-to-date: /mnt/c/ros2_ws/install/rake_umay_description/share/rake_umay_description/launch/display.launch.py
[0.272s] -- Installing: /mnt/c/ros2_ws/install/rake_umay_description/share/rake_umay_description/launch/gazebo.launch.xml
[0.332s] -- Up-to-date: /mnt/c/ros2_ws/install/rake_umay_description/share/rake_umay_description/config
[0.359s] -- Up-to-date: /mnt/c/ros2_ws/install/rake_umay_description/share/ament_index/resource_index/package_run_dependencies/rake_umay_description
[0.381s] -- Up-to-date: /mnt/c/ros2_ws/install/rake_umay_description/share/ament_index/resource_index/parent_prefix_path/rake_umay_description
[0.393s] -- Up-to-date: /mnt/c/ros2_ws/install/rake_umay_description/share/rake_umay_description/environment/ament_prefix_path.sh
[0.407s] -- Up-to-date: /mnt/c/ros2_ws/install/rake_umay_description/share/rake_umay_description/environment/ament_prefix_path.dsv
[0.421s] -- Up-to-date: /mnt/c/ros2_ws/install/rake_umay_description/share/rake_umay_description/environment/path.sh
[0.437s] -- Up-to-date: /mnt/c/ros2_ws/install/rake_umay_description/share/rake_umay_description/environment/path.dsv
[0.451s] -- Up-to-date: /mnt/c/ros2_ws/install/rake_umay_description/share/rake_umay_description/local_setup.bash
[0.467s] -- Up-to-date: /mnt/c/ros2_ws/install/rake_umay_description/share/rake_umay_description/local_setup.sh
[0.481s] -- Up-to-date: /mnt/c/ros2_ws/install/rake_umay_description/share/rake_umay_description/local_setup.zsh
[0.493s] -- Up-to-date: /mnt/c/ros2_ws/install/rake_umay_description/share/rake_umay_description/local_setup.dsv
[0.507s] -- Installing: /mnt/c/ros2_ws/install/rake_umay_description/share/rake_umay_description/package.dsv
[0.563s] -- Up-to-date: /mnt/c/ros2_ws/install/rake_umay_description/share/ament_index/resource_index/packages/rake_umay_description
[0.579s] -- Up-to-date: /mnt/c/ros2_ws/install/rake_umay_description/share/rake_umay_description/cmake/rake_umay_descriptionConfig.cmake
[0.591s] -- Up-to-date: /mnt/c/ros2_ws/install/rake_umay_description/share/rake_umay_description/cmake/rake_umay_descriptionConfig-version.cmake
[0.605s] -- Up-to-date: /mnt/c/ros2_ws/install/rake_umay_description/share/rake_umay_description/package.xml
[0.631s] Invoked command in '/mnt/c/ros2_ws/build/rake_umay_description' returned '0': CMAKE_PREFIX_PATH=${CMAKE_PREFIX_PATH}:/opt/ros/jazzy /usr/bin/cmake --install /mnt/c/ros2_ws/build/rake_umay_description
