[0.189s] DEBUG:colcon:Command line arguments: ['/usr/bin/colcon', 'build']
[0.189s] DEBUG:colcon:Parsed command line arguments: Namespace(log_base=None, log_level=None, verb_name='build', build_base='build', install_base='install', merge_install=False, symlink_install=False, test_result_base=None, continue_on_error=False, executor='parallel', parallel_workers=16, event_handlers=None, ignore_user_meta=False, metas=['./colcon.meta'], base_paths=['.'], packages_ignore=None, packages_ignore_regex=None, paths=None, packages_up_to=None, packages_up_to_regex=None, packages_above=None, packages_above_and_dependencies=None, packages_above_depth=None, packages_select_by_dep=None, packages_skip_by_dep=None, packages_skip_up_to=None, packages_select_build_failed=False, packages_skip_build_finished=False, packages_select_test_failures=False, packages_skip_test_passed=False, packages_select=None, packages_skip=None, packages_select_regex=None, packages_skip_regex=None, packages_start=None, packages_end=None, allow_overriding=[], cmake_args=None, cmake_target=None, cmake_target_skip_unavailable=False, cmake_clean_cache=False, cmake_clean_first=False, cmake_force_configure=False, ament_cmake_args=None, catkin_cmake_args=None, catkin_skip_building_tests=False, verb_parser=<colcon_defaults.argument_parser.defaults.DefaultArgumentsDecorator object at 0x7f8800e5be20>, verb_extension=<colcon_core.verb.build.BuildVerb object at 0x7f8800e5b850>, main=<bound method BuildVerb.main of <colcon_core.verb.build.BuildVerb object at 0x7f8800e5b850>>)
[0.293s] Level 1:colcon.colcon_core.package_discovery:discover_packages(colcon_meta) check parameters
[0.293s] Level 1:colcon.colcon_core.package_discovery:discover_packages(recursive) check parameters
[0.293s] Level 1:colcon.colcon_core.package_discovery:discover_packages(ignore) check parameters
[0.293s] Level 1:colcon.colcon_core.package_discovery:discover_packages(path) check parameters
[0.293s] Level 1:colcon.colcon_core.package_discovery:discover_packages(colcon_meta) discover
[0.294s] Level 1:colcon.colcon_core.package_discovery:discover_packages(recursive) discover
[0.294s] INFO:colcon.colcon_core.package_discovery:Crawling recursively for packages in '/mnt/c/ros2_ws'
[0.295s] Level 1:colcon.colcon_core.package_identification:_identify(.) by extensions ['ignore', 'ignore_ament_install']
[0.295s] Level 1:colcon.colcon_core.package_identification:_identify(.) by extension 'ignore'
[0.295s] Level 1:colcon.colcon_core.package_identification:_identify(.) by extension 'ignore_ament_install'
[0.296s] Level 1:colcon.colcon_core.package_identification:_identify(.) by extensions ['colcon_pkg']
[0.296s] Level 1:colcon.colcon_core.package_identification:_identify(.) by extension 'colcon_pkg'
[0.296s] Level 1:colcon.colcon_core.package_identification:_identify(.) by extensions ['colcon_meta']
[0.296s] Level 1:colcon.colcon_core.package_identification:_identify(.) by extension 'colcon_meta'
[0.296s] Level 1:colcon.colcon_core.package_identification:_identify(.) by extensions ['ros']
[0.297s] Level 1:colcon.colcon_core.package_identification:_identify(.) by extension 'ros'
[0.305s] Level 1:colcon.colcon_core.package_identification:_identify(.) by extensions ['cmake', 'python']
[0.306s] Level 1:colcon.colcon_core.package_identification:_identify(.) by extension 'cmake'
[0.306s] Level 1:colcon.colcon_core.package_identification:_identify(.) by extension 'python'
[0.306s] Level 1:colcon.colcon_core.package_identification:_identify(.) by extensions ['python_setup_py']
[0.306s] Level 1:colcon.colcon_core.package_identification:_identify(.) by extension 'python_setup_py'
[0.308s] Level 1:colcon.colcon_core.package_identification:_identify(build) by extensions ['ignore', 'ignore_ament_install']
[0.309s] Level 1:colcon.colcon_core.package_identification:_identify(build) by extension 'ignore'
[0.309s] Level 1:colcon.colcon_core.package_identification:_identify(build) ignored
[0.311s] Level 1:colcon.colcon_core.package_identification:_identify(install) by extensions ['ignore', 'ignore_ament_install']
[0.311s] Level 1:colcon.colcon_core.package_identification:_identify(install) by extension 'ignore'
[0.312s] Level 1:colcon.colcon_core.package_identification:_identify(install) ignored
[0.314s] Level 1:colcon.colcon_core.package_identification:_identify(log) by extensions ['ignore', 'ignore_ament_install']
[0.314s] Level 1:colcon.colcon_core.package_identification:_identify(log) by extension 'ignore'
[0.314s] Level 1:colcon.colcon_core.package_identification:_identify(log) ignored
[0.316s] Level 1:colcon.colcon_core.package_identification:_identify(src) by extensions ['ignore', 'ignore_ament_install']
[0.316s] Level 1:colcon.colcon_core.package_identification:_identify(src) by extension 'ignore'
[0.317s] Level 1:colcon.colcon_core.package_identification:_identify(src) by extension 'ignore_ament_install'
[0.318s] Level 1:colcon.colcon_core.package_identification:_identify(src) by extensions ['colcon_pkg']
[0.318s] Level 1:colcon.colcon_core.package_identification:_identify(src) by extension 'colcon_pkg'
[0.319s] Level 1:colcon.colcon_core.package_identification:_identify(src) by extensions ['colcon_meta']
[0.319s] Level 1:colcon.colcon_core.package_identification:_identify(src) by extension 'colcon_meta'
[0.319s] Level 1:colcon.colcon_core.package_identification:_identify(src) by extensions ['ros']
[0.319s] Level 1:colcon.colcon_core.package_identification:_identify(src) by extension 'ros'
[0.321s] Level 1:colcon.colcon_core.package_identification:_identify(src) by extensions ['cmake', 'python']
[0.321s] Level 1:colcon.colcon_core.package_identification:_identify(src) by extension 'cmake'
[0.322s] Level 1:colcon.colcon_core.package_identification:_identify(src) by extension 'python'
[0.322s] Level 1:colcon.colcon_core.package_identification:_identify(src) by extensions ['python_setup_py']
[0.323s] Level 1:colcon.colcon_core.package_identification:_identify(src) by extension 'python_setup_py'
[0.325s] Level 1:colcon.colcon_core.package_identification:_identify(src/rake_umay_description) by extensions ['ignore', 'ignore_ament_install']
[0.325s] Level 1:colcon.colcon_core.package_identification:_identify(src/rake_umay_description) by extension 'ignore'
[0.326s] Level 1:colcon.colcon_core.package_identification:_identify(src/rake_umay_description) by extension 'ignore_ament_install'
[0.327s] Level 1:colcon.colcon_core.package_identification:_identify(src/rake_umay_description) by extensions ['colcon_pkg']
[0.327s] Level 1:colcon.colcon_core.package_identification:_identify(src/rake_umay_description) by extension 'colcon_pkg'
[0.328s] Level 1:colcon.colcon_core.package_identification:_identify(src/rake_umay_description) by extensions ['colcon_meta']
[0.328s] Level 1:colcon.colcon_core.package_identification:_identify(src/rake_umay_description) by extension 'colcon_meta'
[0.329s] Level 1:colcon.colcon_core.package_identification:_identify(src/rake_umay_description) by extensions ['ros']
[0.330s] Level 1:colcon.colcon_core.package_identification:_identify(src/rake_umay_description) by extension 'ros'
[0.339s] DEBUG:colcon.colcon_core.package_identification:Package 'src/rake_umay_description' with type 'ros.ament_cmake' and name 'rake_umay_description'
[0.339s] Level 1:colcon.colcon_core.package_discovery:discover_packages(recursive) using defaults
[0.339s] Level 1:colcon.colcon_core.package_discovery:discover_packages(ignore) discover
[0.340s] Level 1:colcon.colcon_core.package_discovery:discover_packages(ignore) using defaults
[0.340s] Level 1:colcon.colcon_core.package_discovery:discover_packages(path) discover
[0.340s] Level 1:colcon.colcon_core.package_discovery:discover_packages(path) using defaults
[0.356s] Level 1:colcon.colcon_core.package_discovery:discover_packages(prefix_path) check parameters
[0.357s] Level 1:colcon.colcon_core.package_discovery:discover_packages(prefix_path) discover
[0.391s] DEBUG:colcon.colcon_installed_package_information.package_discovery:Found 2 installed packages in /mnt/c/ros2_ws/install
[0.392s] DEBUG:colcon.colcon_installed_package_information.package_discovery:Found 372 installed packages in /opt/ros/humble
[0.401s] Level 1:colcon.colcon_core.package_discovery:discover_packages(prefix_path) using defaults
[0.450s] Level 5:colcon.colcon_core.verb:set package 'rake_umay_description' build argument 'cmake_args' from command line to 'None'
[0.451s] Level 5:colcon.colcon_core.verb:set package 'rake_umay_description' build argument 'cmake_target' from command line to 'None'
[0.451s] Level 5:colcon.colcon_core.verb:set package 'rake_umay_description' build argument 'cmake_target_skip_unavailable' from command line to 'False'
[0.451s] Level 5:colcon.colcon_core.verb:set package 'rake_umay_description' build argument 'cmake_clean_cache' from command line to 'False'
[0.451s] Level 5:colcon.colcon_core.verb:set package 'rake_umay_description' build argument 'cmake_clean_first' from command line to 'False'
[0.451s] Level 5:colcon.colcon_core.verb:set package 'rake_umay_description' build argument 'cmake_force_configure' from command line to 'False'
[0.452s] Level 5:colcon.colcon_core.verb:set package 'rake_umay_description' build argument 'ament_cmake_args' from command line to 'None'
[0.452s] Level 5:colcon.colcon_core.verb:set package 'rake_umay_description' build argument 'catkin_cmake_args' from command line to 'None'
[0.452s] Level 5:colcon.colcon_core.verb:set package 'rake_umay_description' build argument 'catkin_skip_building_tests' from command line to 'False'
[0.452s] DEBUG:colcon.colcon_core.verb:Building package 'rake_umay_description' with the following arguments: {'ament_cmake_args': None, 'build_base': '/mnt/c/ros2_ws/build/rake_umay_description', 'catkin_cmake_args': None, 'catkin_skip_building_tests': False, 'cmake_args': None, 'cmake_clean_cache': False, 'cmake_clean_first': False, 'cmake_force_configure': False, 'cmake_target': None, 'cmake_target_skip_unavailable': False, 'install_base': '/mnt/c/ros2_ws/install/rake_umay_description', 'merge_install': False, 'path': '/mnt/c/ros2_ws/src/rake_umay_description', 'symlink_install': False, 'test_result_base': None}
[0.453s] INFO:colcon.colcon_core.executor:Executing jobs using 'parallel' executor
[0.454s] DEBUG:colcon.colcon_parallel_executor.executor.parallel:run_until_complete
[0.454s] INFO:colcon.colcon_ros.task.ament_cmake.build:Building ROS package in '/mnt/c/ros2_ws/src/rake_umay_description' with build type 'ament_cmake'
[0.455s] INFO:colcon.colcon_cmake.task.cmake.build:Building CMake package in '/mnt/c/ros2_ws/src/rake_umay_description'
[0.457s] INFO:colcon.colcon_core.plugin_system:Skipping extension 'colcon_core.shell.bat': Not used on non-Windows systems
[0.458s] INFO:colcon.colcon_core.shell:Skip shell extension 'powershell' for command environment: Not usable outside of PowerShell
[0.458s] DEBUG:colcon.colcon_core.shell:Skip shell extension 'dsv' for command environment
[0.546s] DEBUG:colcon.colcon_core.event_handler.log_command:Invoking command in '/mnt/c/ros2_ws/build/rake_umay_description': /usr/bin/cmake --build /mnt/c/ros2_ws/build/rake_umay_description -- -j16 -l16
[0.886s] DEBUG:colcon.colcon_core.event_handler.log_command:Invoked command in '/mnt/c/ros2_ws/build/rake_umay_description' returned '0': /usr/bin/cmake --build /mnt/c/ros2_ws/build/rake_umay_description -- -j16 -l16
[0.972s] DEBUG:colcon.colcon_core.event_handler.log_command:Invoking command in '/mnt/c/ros2_ws/build/rake_umay_description': /usr/bin/cmake --install /mnt/c/ros2_ws/build/rake_umay_description
[1.504s] Level 1:colcon.colcon_core.environment:create_environment_scripts_only(rake_umay_description)
[1.505s] DEBUG:colcon.colcon_core.event_handler.log_command:Invoked command in '/mnt/c/ros2_ws/build/rake_umay_description' returned '0': /usr/bin/cmake --install /mnt/c/ros2_ws/build/rake_umay_description
[1.507s] Level 1:colcon.colcon_core.environment:checking '/mnt/c/ros2_ws/install/rake_umay_description' for CMake module files
[1.568s] Level 1:colcon.colcon_core.environment:checking '/mnt/c/ros2_ws/install/rake_umay_description' for CMake config files
[1.615s] Level 1:colcon.colcon_core.shell:create_environment_hook('rake_umay_description', 'cmake_prefix_path')
[1.616s] INFO:colcon.colcon_core.shell:Creating environment hook '/mnt/c/ros2_ws/install/rake_umay_description/share/rake_umay_description/hook/cmake_prefix_path.ps1'
[1.628s] INFO:colcon.colcon_core.shell:Creating environment descriptor '/mnt/c/ros2_ws/install/rake_umay_description/share/rake_umay_description/hook/cmake_prefix_path.dsv'
[1.639s] INFO:colcon.colcon_core.shell:Creating environment hook '/mnt/c/ros2_ws/install/rake_umay_description/share/rake_umay_description/hook/cmake_prefix_path.sh'
[1.654s] Level 1:colcon.colcon_core.environment:checking '/mnt/c/ros2_ws/install/rake_umay_description/bin'
[1.655s] Level 1:colcon.colcon_core.environment:checking '/mnt/c/ros2_ws/install/rake_umay_description/lib/pkgconfig/rake_umay_description.pc'
[1.656s] Level 1:colcon.colcon_core.environment:checking '/mnt/c/ros2_ws/install/rake_umay_description/lib/python3.10/site-packages'
[1.656s] Level 1:colcon.colcon_core.environment:checking '/mnt/c/ros2_ws/install/rake_umay_description/bin'
[1.658s] INFO:colcon.colcon_core.shell:Creating package script '/mnt/c/ros2_ws/install/rake_umay_description/share/rake_umay_description/package.ps1'
[1.667s] INFO:colcon.colcon_core.shell:Creating package descriptor '/mnt/c/ros2_ws/install/rake_umay_description/share/rake_umay_description/package.dsv'
[1.677s] INFO:colcon.colcon_core.shell:Creating package script '/mnt/c/ros2_ws/install/rake_umay_description/share/rake_umay_description/package.sh'
[1.690s] INFO:colcon.colcon_core.shell:Creating package script '/mnt/c/ros2_ws/install/rake_umay_description/share/rake_umay_description/package.bash'
[1.701s] INFO:colcon.colcon_core.shell:Creating package script '/mnt/c/ros2_ws/install/rake_umay_description/share/rake_umay_description/package.zsh'
[1.712s] Level 1:colcon.colcon_core.environment:create_file_with_runtime_dependencies(/mnt/c/ros2_ws/install/rake_umay_description/share/colcon-core/packages/rake_umay_description)
[1.732s] Level 1:colcon.colcon_core.environment:create_environment_scripts_only(rake_umay_description)
[1.732s] Level 1:colcon.colcon_core.environment:checking '/mnt/c/ros2_ws/install/rake_umay_description' for CMake module files
[1.793s] Level 1:colcon.colcon_core.environment:checking '/mnt/c/ros2_ws/install/rake_umay_description' for CMake config files
[1.841s] Level 1:colcon.colcon_core.shell:create_environment_hook('rake_umay_description', 'cmake_prefix_path')
[1.853s] INFO:colcon.colcon_core.shell:Creating environment hook '/mnt/c/ros2_ws/install/rake_umay_description/share/rake_umay_description/hook/cmake_prefix_path.ps1'
[1.866s] INFO:colcon.colcon_core.shell:Creating environment descriptor '/mnt/c/ros2_ws/install/rake_umay_description/share/rake_umay_description/hook/cmake_prefix_path.dsv'
[1.879s] INFO:colcon.colcon_core.shell:Creating environment hook '/mnt/c/ros2_ws/install/rake_umay_description/share/rake_umay_description/hook/cmake_prefix_path.sh'
[1.893s] Level 1:colcon.colcon_core.environment:checking '/mnt/c/ros2_ws/install/rake_umay_description/bin'
[1.894s] Level 1:colcon.colcon_core.environment:checking '/mnt/c/ros2_ws/install/rake_umay_description/lib/pkgconfig/rake_umay_description.pc'
[1.895s] Level 1:colcon.colcon_core.environment:checking '/mnt/c/ros2_ws/install/rake_umay_description/lib/python3.10/site-packages'
[1.896s] Level 1:colcon.colcon_core.environment:checking '/mnt/c/ros2_ws/install/rake_umay_description/bin'
[1.897s] INFO:colcon.colcon_core.shell:Creating package script '/mnt/c/ros2_ws/install/rake_umay_description/share/rake_umay_description/package.ps1'
[1.910s] INFO:colcon.colcon_core.shell:Creating package descriptor '/mnt/c/ros2_ws/install/rake_umay_description/share/rake_umay_description/package.dsv'
[1.922s] INFO:colcon.colcon_core.shell:Creating package script '/mnt/c/ros2_ws/install/rake_umay_description/share/rake_umay_description/package.sh'
[1.932s] INFO:colcon.colcon_core.shell:Creating package script '/mnt/c/ros2_ws/install/rake_umay_description/share/rake_umay_description/package.bash'
[1.941s] INFO:colcon.colcon_core.shell:Creating package script '/mnt/c/ros2_ws/install/rake_umay_description/share/rake_umay_description/package.zsh'
[1.950s] Level 1:colcon.colcon_core.environment:create_file_with_runtime_dependencies(/mnt/c/ros2_ws/install/rake_umay_description/share/colcon-core/packages/rake_umay_description)
[1.958s] DEBUG:colcon.colcon_parallel_executor.executor.parallel:closing loop
[1.959s] DEBUG:colcon.colcon_parallel_executor.executor.parallel:loop closed
[1.959s] DEBUG:colcon.colcon_parallel_executor.executor.parallel:run_until_complete finished with '0'
[1.959s] DEBUG:colcon.colcon_core.event_reactor:joining thread
[2.022s] INFO:colcon.colcon_core.plugin_system:Skipping extension 'colcon_notification.desktop_notification.notify_send': Could not find 'notify-send'
[2.023s] INFO:colcon.colcon_core.plugin_system:Skipping extension 'colcon_notification.desktop_notification.terminal_notifier': Not used on non-Darwin systems
[2.023s] INFO:colcon.colcon_core.plugin_system:Skipping extension 'colcon_notification.desktop_notification.win32': Not used on non-Windows systems
[2.023s] INFO:colcon.colcon_notification.desktop_notification:Sending desktop notification using 'notify2'
[2.023s] DEBUG:colcon.colcon_notification.desktop_notification.notify2:Failed to initialize notify2: org.freedesktop.DBus.Error.FileNotFound: Failed to connect to socket /run/user/1000/bus: No such file or directory
[2.024s] DEBUG:colcon.colcon_core.event_reactor:joined thread
[2.024s] INFO:colcon.colcon_core.shell:Creating prefix script '/mnt/c/ros2_ws/install/local_setup.ps1'
[2.031s] INFO:colcon.colcon_core.shell:Creating prefix util module '/mnt/c/ros2_ws/install/_local_setup_util_ps1.py'
[2.037s] INFO:colcon.colcon_core.shell:Creating prefix chain script '/mnt/c/ros2_ws/install/setup.ps1'
[2.049s] INFO:colcon.colcon_core.shell:Creating prefix script '/mnt/c/ros2_ws/install/local_setup.sh'
[2.055s] INFO:colcon.colcon_core.shell:Creating prefix util module '/mnt/c/ros2_ws/install/_local_setup_util_sh.py'
[2.060s] INFO:colcon.colcon_core.shell:Creating prefix chain script '/mnt/c/ros2_ws/install/setup.sh'
[2.071s] INFO:colcon.colcon_core.shell:Creating prefix script '/mnt/c/ros2_ws/install/local_setup.bash'
[2.076s] INFO:colcon.colcon_core.shell:Creating prefix chain script '/mnt/c/ros2_ws/install/setup.bash'
[2.088s] INFO:colcon.colcon_core.shell:Creating prefix script '/mnt/c/ros2_ws/install/local_setup.zsh'
[2.093s] INFO:colcon.colcon_core.shell:Creating prefix chain script '/mnt/c/ros2_ws/install/setup.zsh'
