[0.106s] Invoking command in '/mnt/c/ros2_ws/build/rake_umay_description': /usr/bin/cmake --build /mnt/c/ros2_ws/build/rake_umay_description -- -j16 -l16
[0.432s] Invoked command in '/mnt/c/ros2_ws/build/rake_umay_description' returned '0': /usr/bin/cmake --build /mnt/c/ros2_ws/build/rake_umay_description -- -j16 -l16
[0.522s] Invoking command in '/mnt/c/ros2_ws/build/rake_umay_description': /usr/bin/cmake --install /mnt/c/ros2_ws/build/rake_umay_description
[0.597s] -- Install configuration: ""
[0.604s] -- Up-to-date: /mnt/c/ros2_ws/install/rake_umay_description/share/rake_umay_description/urdf
[0.628s] -- Up-to-date: /mnt/c/ros2_ws/install/rake_umay_description/share/rake_umay_description/urdf/rake_umay_sensors.urdf.xacro
[0.649s] -- Up-to-date: /mnt/c/ros2_ws/install/rake_umay_description/share/rake_umay_description/urdf/rake_umay_v2.urdf.xacro
[0.658s] -- Up-to-date: /mnt/c/ros2_ws/install/rake_umay_description/share/rake_umay_description/launch
[0.678s] -- Installing: /mnt/c/ros2_ws/install/rake_umay_description/share/rake_umay_description/launch/display.launch.py
[0.734s] -- Up-to-date: /mnt/c/ros2_ws/install/rake_umay_description/share/rake_umay_description/config
[0.763s] -- Up-to-date: /mnt/c/ros2_ws/install/rake_umay_description/share/ament_index/resource_index/package_run_dependencies/rake_umay_description
[0.787s] -- Up-to-date: /mnt/c/ros2_ws/install/rake_umay_description/share/ament_index/resource_index/parent_prefix_path/rake_umay_description
[0.799s] -- Up-to-date: /mnt/c/ros2_ws/install/rake_umay_description/share/rake_umay_description/environment/ament_prefix_path.sh
[0.815s] -- Up-to-date: /mnt/c/ros2_ws/install/rake_umay_description/share/rake_umay_description/environment/ament_prefix_path.dsv
[0.830s] -- Up-to-date: /mnt/c/ros2_ws/install/rake_umay_description/share/rake_umay_description/environment/path.sh
[0.847s] -- Up-to-date: /mnt/c/ros2_ws/install/rake_umay_description/share/rake_umay_description/environment/path.dsv
[0.864s] -- Up-to-date: /mnt/c/ros2_ws/install/rake_umay_description/share/rake_umay_description/local_setup.bash
[0.878s] -- Up-to-date: /mnt/c/ros2_ws/install/rake_umay_description/share/rake_umay_description/local_setup.sh
[0.892s] -- Up-to-date: /mnt/c/ros2_ws/install/rake_umay_description/share/rake_umay_description/local_setup.zsh
[0.905s] -- Up-to-date: /mnt/c/ros2_ws/install/rake_umay_description/share/rake_umay_description/local_setup.dsv
[0.919s] -- Installing: /mnt/c/ros2_ws/install/rake_umay_description/share/rake_umay_description/package.dsv
[0.984s] -- Up-to-date: /mnt/c/ros2_ws/install/rake_umay_description/share/ament_index/resource_index/packages/rake_umay_description
[1.000s] -- Up-to-date: /mnt/c/ros2_ws/install/rake_umay_description/share/rake_umay_description/cmake/rake_umay_descriptionConfig.cmake
[1.012s] -- Up-to-date: /mnt/c/ros2_ws/install/rake_umay_description/share/rake_umay_description/cmake/rake_umay_descriptionConfig-version.cmake
[1.031s] -- Up-to-date: /mnt/c/ros2_ws/install/rake_umay_description/share/rake_umay_description/package.xml
[1.042s] Invoked command in '/mnt/c/ros2_ws/build/rake_umay_description' returned '0': /usr/bin/cmake --install /mnt/c/ros2_ws/build/rake_umay_description
