[0.200s] DEBUG:colcon:Command line arguments: ['/usr/bin/colcon', 'build']
[0.200s] DEBUG:colcon:Parsed command line arguments: Namespace(log_base=None, log_level=None, verb_name='build', build_base='build', install_base='install', merge_install=False, symlink_install=False, test_result_base=None, continue_on_error=False, executor='parallel', parallel_workers=16, event_handlers=None, ignore_user_meta=False, metas=['./colcon.meta'], base_paths=['.'], packages_ignore=None, packages_ignore_regex=None, paths=None, packages_up_to=None, packages_up_to_regex=None, packages_above=None, packages_above_and_dependencies=None, packages_above_depth=None, packages_select_by_dep=None, packages_skip_by_dep=None, packages_skip_up_to=None, packages_select_build_failed=False, packages_skip_build_finished=False, packages_select_test_failures=False, packages_skip_test_passed=False, packages_select=None, packages_skip=None, packages_select_regex=None, packages_skip_regex=None, packages_start=None, packages_end=None, allow_overriding=[], cmake_args=None, cmake_target=None, cmake_target_skip_unavailable=False, cmake_clean_cache=False, cmake_clean_first=False, cmake_force_configure=False, ament_cmake_args=None, catkin_cmake_args=None, catkin_skip_building_tests=False, verb_parser=<colcon_defaults.argument_parser.defaults.DefaultArgumentsDecorator object at 0x7f1541affe50>, verb_extension=<colcon_core.verb.build.BuildVerb object at 0x7f1541aff880>, main=<bound method BuildVerb.main of <colcon_core.verb.build.BuildVerb object at 0x7f1541aff880>>)
[0.323s] Level 1:colcon.colcon_core.package_discovery:discover_packages(colcon_meta) check parameters
[0.324s] Level 1:colcon.colcon_core.package_discovery:discover_packages(recursive) check parameters
[0.325s] Level 1:colcon.colcon_core.package_discovery:discover_packages(ignore) check parameters
[0.325s] Level 1:colcon.colcon_core.package_discovery:discover_packages(path) check parameters
[0.325s] Level 1:colcon.colcon_core.package_discovery:discover_packages(colcon_meta) discover
[0.325s] Level 1:colcon.colcon_core.package_discovery:discover_packages(recursive) discover
[0.326s] INFO:colcon.colcon_core.package_discovery:Crawling recursively for packages in '/mnt/c/ros2_ws'
[0.327s] Level 1:colcon.colcon_core.package_identification:_identify(.) by extensions ['ignore', 'ignore_ament_install']
[0.327s] Level 1:colcon.colcon_core.package_identification:_identify(.) by extension 'ignore'
[0.328s] Level 1:colcon.colcon_core.package_identification:_identify(.) by extension 'ignore_ament_install'
[0.328s] Level 1:colcon.colcon_core.package_identification:_identify(.) by extensions ['colcon_pkg']
[0.329s] Level 1:colcon.colcon_core.package_identification:_identify(.) by extension 'colcon_pkg'
[0.329s] Level 1:colcon.colcon_core.package_identification:_identify(.) by extensions ['colcon_meta']
[0.329s] Level 1:colcon.colcon_core.package_identification:_identify(.) by extension 'colcon_meta'
[0.329s] Level 1:colcon.colcon_core.package_identification:_identify(.) by extensions ['ros']
[0.329s] Level 1:colcon.colcon_core.package_identification:_identify(.) by extension 'ros'
[0.341s] Level 1:colcon.colcon_core.package_identification:_identify(.) by extensions ['cmake', 'python']
[0.342s] Level 1:colcon.colcon_core.package_identification:_identify(.) by extension 'cmake'
[0.342s] Level 1:colcon.colcon_core.package_identification:_identify(.) by extension 'python'
[0.342s] Level 1:colcon.colcon_core.package_identification:_identify(.) by extensions ['python_setup_py']
[0.343s] Level 1:colcon.colcon_core.package_identification:_identify(.) by extension 'python_setup_py'
[0.345s] Level 1:colcon.colcon_core.package_identification:_identify(build) by extensions ['ignore', 'ignore_ament_install']
[0.345s] Level 1:colcon.colcon_core.package_identification:_identify(build) by extension 'ignore'
[0.346s] Level 1:colcon.colcon_core.package_identification:_identify(build) ignored
[0.349s] Level 1:colcon.colcon_core.package_identification:_identify(install) by extensions ['ignore', 'ignore_ament_install']
[0.349s] Level 1:colcon.colcon_core.package_identification:_identify(install) by extension 'ignore'
[0.350s] Level 1:colcon.colcon_core.package_identification:_identify(install) ignored
[0.355s] Level 1:colcon.colcon_core.package_identification:_identify(log) by extensions ['ignore', 'ignore_ament_install']
[0.355s] Level 1:colcon.colcon_core.package_identification:_identify(log) by extension 'ignore'
[0.356s] Level 1:colcon.colcon_core.package_identification:_identify(log) ignored
[0.358s] Level 1:colcon.colcon_core.package_identification:_identify(src) by extensions ['ignore', 'ignore_ament_install']
[0.359s] Level 1:colcon.colcon_core.package_identification:_identify(src) by extension 'ignore'
[0.360s] Level 1:colcon.colcon_core.package_identification:_identify(src) by extension 'ignore_ament_install'
[0.361s] Level 1:colcon.colcon_core.package_identification:_identify(src) by extensions ['colcon_pkg']
[0.361s] Level 1:colcon.colcon_core.package_identification:_identify(src) by extension 'colcon_pkg'
[0.362s] Level 1:colcon.colcon_core.package_identification:_identify(src) by extensions ['colcon_meta']
[0.363s] Level 1:colcon.colcon_core.package_identification:_identify(src) by extension 'colcon_meta'
[0.363s] Level 1:colcon.colcon_core.package_identification:_identify(src) by extensions ['ros']
[0.364s] Level 1:colcon.colcon_core.package_identification:_identify(src) by extension 'ros'
[0.366s] Level 1:colcon.colcon_core.package_identification:_identify(src) by extensions ['cmake', 'python']
[0.367s] Level 1:colcon.colcon_core.package_identification:_identify(src) by extension 'cmake'
[0.367s] Level 1:colcon.colcon_core.package_identification:_identify(src) by extension 'python'
[0.368s] Level 1:colcon.colcon_core.package_identification:_identify(src) by extensions ['python_setup_py']
[0.369s] Level 1:colcon.colcon_core.package_identification:_identify(src) by extension 'python_setup_py'
[0.372s] Level 1:colcon.colcon_core.package_identification:_identify(src/rake_umay_description) by extensions ['ignore', 'ignore_ament_install']
[0.373s] Level 1:colcon.colcon_core.package_identification:_identify(src/rake_umay_description) by extension 'ignore'
[0.374s] Level 1:colcon.colcon_core.package_identification:_identify(src/rake_umay_description) by extension 'ignore_ament_install'
[0.376s] Level 1:colcon.colcon_core.package_identification:_identify(src/rake_umay_description) by extensions ['colcon_pkg']
[0.376s] Level 1:colcon.colcon_core.package_identification:_identify(src/rake_umay_description) by extension 'colcon_pkg'
[0.378s] Level 1:colcon.colcon_core.package_identification:_identify(src/rake_umay_description) by extensions ['colcon_meta']
[0.378s] Level 1:colcon.colcon_core.package_identification:_identify(src/rake_umay_description) by extension 'colcon_meta'
[0.380s] Level 1:colcon.colcon_core.package_identification:_identify(src/rake_umay_description) by extensions ['ros']
[0.380s] Level 1:colcon.colcon_core.package_identification:_identify(src/rake_umay_description) by extension 'ros'
[0.394s] DEBUG:colcon.colcon_core.package_identification:Package 'src/rake_umay_description' with type 'ros.ament_cmake' and name 'rake_umay_description'
[0.394s] Level 1:colcon.colcon_core.package_discovery:discover_packages(recursive) using defaults
[0.395s] Level 1:colcon.colcon_core.package_discovery:discover_packages(ignore) discover
[0.395s] Level 1:colcon.colcon_core.package_discovery:discover_packages(ignore) using defaults
[0.395s] Level 1:colcon.colcon_core.package_discovery:discover_packages(path) discover
[0.395s] Level 1:colcon.colcon_core.package_discovery:discover_packages(path) using defaults
[0.418s] Level 1:colcon.colcon_core.package_discovery:discover_packages(prefix_path) check parameters
[0.418s] Level 1:colcon.colcon_core.package_discovery:discover_packages(prefix_path) discover
[0.422s] DEBUG:colcon.colcon_installed_package_information.package_discovery:Found 372 installed packages in /opt/ros/humble
[0.440s] Level 1:colcon.colcon_core.package_discovery:discover_packages(prefix_path) using defaults
[0.478s] Level 5:colcon.colcon_core.verb:set package 'rake_umay_description' build argument 'cmake_args' from command line to 'None'
[0.478s] Level 5:colcon.colcon_core.verb:set package 'rake_umay_description' build argument 'cmake_target' from command line to 'None'
[0.479s] Level 5:colcon.colcon_core.verb:set package 'rake_umay_description' build argument 'cmake_target_skip_unavailable' from command line to 'False'
[0.479s] Level 5:colcon.colcon_core.verb:set package 'rake_umay_description' build argument 'cmake_clean_cache' from command line to 'False'
[0.479s] Level 5:colcon.colcon_core.verb:set package 'rake_umay_description' build argument 'cmake_clean_first' from command line to 'False'
[0.479s] Level 5:colcon.colcon_core.verb:set package 'rake_umay_description' build argument 'cmake_force_configure' from command line to 'False'
[0.479s] Level 5:colcon.colcon_core.verb:set package 'rake_umay_description' build argument 'ament_cmake_args' from command line to 'None'
[0.479s] Level 5:colcon.colcon_core.verb:set package 'rake_umay_description' build argument 'catkin_cmake_args' from command line to 'None'
[0.479s] Level 5:colcon.colcon_core.verb:set package 'rake_umay_description' build argument 'catkin_skip_building_tests' from command line to 'False'
[0.480s] DEBUG:colcon.colcon_core.verb:Building package 'rake_umay_description' with the following arguments: {'ament_cmake_args': None, 'build_base': '/mnt/c/ros2_ws/build/rake_umay_description', 'catkin_cmake_args': None, 'catkin_skip_building_tests': False, 'cmake_args': None, 'cmake_clean_cache': False, 'cmake_clean_first': False, 'cmake_force_configure': False, 'cmake_target': None, 'cmake_target_skip_unavailable': False, 'install_base': '/mnt/c/ros2_ws/install/rake_umay_description', 'merge_install': False, 'path': '/mnt/c/ros2_ws/src/rake_umay_description', 'symlink_install': False, 'test_result_base': None}
[0.480s] INFO:colcon.colcon_core.executor:Executing jobs using 'parallel' executor
[0.482s] DEBUG:colcon.colcon_parallel_executor.executor.parallel:run_until_complete
[0.482s] INFO:colcon.colcon_ros.task.ament_cmake.build:Building ROS package in '/mnt/c/ros2_ws/src/rake_umay_description' with build type 'ament_cmake'
[0.482s] INFO:colcon.colcon_cmake.task.cmake.build:Building CMake package in '/mnt/c/ros2_ws/src/rake_umay_description'
[0.486s] INFO:colcon.colcon_core.plugin_system:Skipping extension 'colcon_core.shell.bat': Not used on non-Windows systems
[0.486s] INFO:colcon.colcon_core.shell:Skip shell extension 'powershell' for command environment: Not usable outside of PowerShell
[0.486s] DEBUG:colcon.colcon_core.shell:Skip shell extension 'dsv' for command environment
[0.547s] DEBUG:colcon.colcon_core.event_handler.log_command:Invoking command in '/mnt/c/ros2_ws/build/rake_umay_description': /usr/bin/cmake --build /mnt/c/ros2_ws/build/rake_umay_description -- -j16 -l16
[2.632s] DEBUG:colcon.colcon_core.event_handler.log_command:Invoked command in '/mnt/c/ros2_ws/build/rake_umay_description' returned '0': /usr/bin/cmake --build /mnt/c/ros2_ws/build/rake_umay_description -- -j16 -l16
[2.722s] DEBUG:colcon.colcon_core.event_handler.log_command:Invoking command in '/mnt/c/ros2_ws/build/rake_umay_description': /usr/bin/cmake --install /mnt/c/ros2_ws/build/rake_umay_description
[3.384s] Level 1:colcon.colcon_core.environment:create_environment_scripts_only(rake_umay_description)
[3.386s] DEBUG:colcon.colcon_core.event_handler.log_command:Invoked command in '/mnt/c/ros2_ws/build/rake_umay_description' returned '0': /usr/bin/cmake --install /mnt/c/ros2_ws/build/rake_umay_description
[3.387s] Level 1:colcon.colcon_core.environment:checking '/mnt/c/ros2_ws/install/rake_umay_description' for CMake module files
[3.451s] Level 1:colcon.colcon_core.environment:checking '/mnt/c/ros2_ws/install/rake_umay_description' for CMake config files
[3.497s] Level 1:colcon.colcon_core.shell:create_environment_hook('rake_umay_description', 'cmake_prefix_path')
[3.497s] INFO:colcon.colcon_core.shell:Creating environment hook '/mnt/c/ros2_ws/install/rake_umay_description/share/rake_umay_description/hook/cmake_prefix_path.ps1'
[3.508s] INFO:colcon.colcon_core.shell:Creating environment descriptor '/mnt/c/ros2_ws/install/rake_umay_description/share/rake_umay_description/hook/cmake_prefix_path.dsv'
[3.519s] INFO:colcon.colcon_core.shell:Creating environment hook '/mnt/c/ros2_ws/install/rake_umay_description/share/rake_umay_description/hook/cmake_prefix_path.sh'
[3.538s] Level 1:colcon.colcon_core.environment:checking '/mnt/c/ros2_ws/install/rake_umay_description/bin'
[3.539s] Level 1:colcon.colcon_core.environment:checking '/mnt/c/ros2_ws/install/rake_umay_description/lib/pkgconfig/rake_umay_description.pc'
[3.540s] Level 1:colcon.colcon_core.environment:checking '/mnt/c/ros2_ws/install/rake_umay_description/lib/python3.10/site-packages'
[3.542s] Level 1:colcon.colcon_core.environment:checking '/mnt/c/ros2_ws/install/rake_umay_description/bin'
[3.543s] INFO:colcon.colcon_core.shell:Creating package script '/mnt/c/ros2_ws/install/rake_umay_description/share/rake_umay_description/package.ps1'
[3.555s] INFO:colcon.colcon_core.shell:Creating package descriptor '/mnt/c/ros2_ws/install/rake_umay_description/share/rake_umay_description/package.dsv'
[3.565s] INFO:colcon.colcon_core.shell:Creating package script '/mnt/c/ros2_ws/install/rake_umay_description/share/rake_umay_description/package.sh'
[3.575s] INFO:colcon.colcon_core.shell:Creating package script '/mnt/c/ros2_ws/install/rake_umay_description/share/rake_umay_description/package.bash'
[3.584s] INFO:colcon.colcon_core.shell:Creating package script '/mnt/c/ros2_ws/install/rake_umay_description/share/rake_umay_description/package.zsh'
[3.595s] Level 1:colcon.colcon_core.environment:create_file_with_runtime_dependencies(/mnt/c/ros2_ws/install/rake_umay_description/share/colcon-core/packages/rake_umay_description)
[3.614s] Level 1:colcon.colcon_core.environment:create_environment_scripts_only(rake_umay_description)
[3.615s] Level 1:colcon.colcon_core.environment:checking '/mnt/c/ros2_ws/install/rake_umay_description' for CMake module files
[3.680s] Level 1:colcon.colcon_core.environment:checking '/mnt/c/ros2_ws/install/rake_umay_description' for CMake config files
[3.725s] Level 1:colcon.colcon_core.shell:create_environment_hook('rake_umay_description', 'cmake_prefix_path')
[3.725s] INFO:colcon.colcon_core.shell:Creating environment hook '/mnt/c/ros2_ws/install/rake_umay_description/share/rake_umay_description/hook/cmake_prefix_path.ps1'
[3.736s] INFO:colcon.colcon_core.shell:Creating environment descriptor '/mnt/c/ros2_ws/install/rake_umay_description/share/rake_umay_description/hook/cmake_prefix_path.dsv'
[3.750s] INFO:colcon.colcon_core.shell:Creating environment hook '/mnt/c/ros2_ws/install/rake_umay_description/share/rake_umay_description/hook/cmake_prefix_path.sh'
[3.766s] Level 1:colcon.colcon_core.environment:checking '/mnt/c/ros2_ws/install/rake_umay_description/bin'
[3.768s] Level 1:colcon.colcon_core.environment:checking '/mnt/c/ros2_ws/install/rake_umay_description/lib/pkgconfig/rake_umay_description.pc'
[3.769s] Level 1:colcon.colcon_core.environment:checking '/mnt/c/ros2_ws/install/rake_umay_description/lib/python3.10/site-packages'
[3.770s] Level 1:colcon.colcon_core.environment:checking '/mnt/c/ros2_ws/install/rake_umay_description/bin'
[3.772s] INFO:colcon.colcon_core.shell:Creating package script '/mnt/c/ros2_ws/install/rake_umay_description/share/rake_umay_description/package.ps1'
[3.782s] INFO:colcon.colcon_core.shell:Creating package descriptor '/mnt/c/ros2_ws/install/rake_umay_description/share/rake_umay_description/package.dsv'
[3.792s] INFO:colcon.colcon_core.shell:Creating package script '/mnt/c/ros2_ws/install/rake_umay_description/share/rake_umay_description/package.sh'
[3.802s] INFO:colcon.colcon_core.shell:Creating package script '/mnt/c/ros2_ws/install/rake_umay_description/share/rake_umay_description/package.bash'
[3.812s] INFO:colcon.colcon_core.shell:Creating package script '/mnt/c/ros2_ws/install/rake_umay_description/share/rake_umay_description/package.zsh'
[3.822s] Level 1:colcon.colcon_core.environment:create_file_with_runtime_dependencies(/mnt/c/ros2_ws/install/rake_umay_description/share/colcon-core/packages/rake_umay_description)
[3.829s] DEBUG:colcon.colcon_parallel_executor.executor.parallel:closing loop
[3.830s] DEBUG:colcon.colcon_parallel_executor.executor.parallel:loop closed
[3.830s] DEBUG:colcon.colcon_parallel_executor.executor.parallel:run_until_complete finished with '0'
[3.830s] DEBUG:colcon.colcon_core.event_reactor:joining thread
[3.892s] INFO:colcon.colcon_core.plugin_system:Skipping extension 'colcon_notification.desktop_notification.notify_send': Could not find 'notify-send'
[3.893s] INFO:colcon.colcon_core.plugin_system:Skipping extension 'colcon_notification.desktop_notification.terminal_notifier': Not used on non-Darwin systems
[3.893s] INFO:colcon.colcon_core.plugin_system:Skipping extension 'colcon_notification.desktop_notification.win32': Not used on non-Windows systems
[3.893s] INFO:colcon.colcon_notification.desktop_notification:Sending desktop notification using 'notify2'
[3.894s] DEBUG:colcon.colcon_notification.desktop_notification.notify2:Failed to initialize notify2: org.freedesktop.DBus.Error.FileNotFound: Failed to connect to socket /run/user/1000/bus: No such file or directory
[3.894s] DEBUG:colcon.colcon_core.event_reactor:joined thread
[3.895s] INFO:colcon.colcon_core.shell:Creating prefix script '/mnt/c/ros2_ws/install/local_setup.ps1'
[3.901s] INFO:colcon.colcon_core.shell:Creating prefix util module '/mnt/c/ros2_ws/install/_local_setup_util_ps1.py'
[3.907s] INFO:colcon.colcon_core.shell:Creating prefix chain script '/mnt/c/ros2_ws/install/setup.ps1'
[3.912s] INFO:colcon.colcon_core.shell:Creating prefix script '/mnt/c/ros2_ws/install/local_setup.sh'
[3.918s] INFO:colcon.colcon_core.shell:Creating prefix util module '/mnt/c/ros2_ws/install/_local_setup_util_sh.py'
[3.924s] INFO:colcon.colcon_core.shell:Creating prefix chain script '/mnt/c/ros2_ws/install/setup.sh'
[3.929s] INFO:colcon.colcon_core.shell:Creating prefix script '/mnt/c/ros2_ws/install/local_setup.bash'
[3.934s] INFO:colcon.colcon_core.shell:Creating prefix chain script '/mnt/c/ros2_ws/install/setup.bash'
[3.940s] INFO:colcon.colcon_core.shell:Creating prefix script '/mnt/c/ros2_ws/install/local_setup.zsh'
[3.945s] INFO:colcon.colcon_core.shell:Creating prefix chain script '/mnt/c/ros2_ws/install/setup.zsh'
