-- The C compiler identification is GNU 13.3.0
-- The CXX compiler identification is GNU 13.3.0
-- Detecting C compiler ABI info
-- Detecting C compiler ABI info - done
-- Check for working C compiler: /usr/bin/cc - skipped
-- Detecting C compile features
-- Detecting C compile features - done
-- Detecting CXX compiler ABI info
-- Detecting CXX compiler ABI info - done
-- Check for working CXX compiler: /usr/bin/c++ - skipped
-- Detecting CXX compile features
-- Detecting CXX compile features - done
-- Found ament_cmake: 2.5.4 (/opt/ros/jazzy/share/ament_cmake/cmake)
-- Found Python3: /usr/bin/python3 (found version "3.12.3") found components: Interpreter 
-- Found ament_lint_auto: 0.17.2 (/opt/ros/jazzy/share/ament_lint_auto/cmake)
-- Added test 'flake8' to check Python code syntax and style conventions
-- Configured 'flake8' exclude dirs and/or files: 
-- Added test 'lint_cmake' to check CMake code style
-- Added test 'pep257' to check Python code against some of the docstring style conventions in PEP 257
-- Added test 'xmllint' to check XML markup files
-- Configuring done (4.5s)
-- Generating done (0.2s)
-- Build files have been written to: /mnt/c/ros2_ws/build/rake_umay_description
-- Install configuration: ""
-- Installing: /mnt/c/ros2_ws/install/rake_umay_description/share/rake_umay_description/urdf
-- Installing: /mnt/c/ros2_ws/install/rake_umay_description/share/rake_umay_description/urdf/rake_umay_sensors.urdf.xacro
-- Installing: /mnt/c/ros2_ws/install/rake_umay_description/share/rake_umay_description/urdf/rake_umay_v2.urdf.xacro
-- Installing: /mnt/c/ros2_ws/install/rake_umay_description/share/rake_umay_description/launch
-- Installing: /mnt/c/ros2_ws/install/rake_umay_description/share/rake_umay_description/launch/display.launch.py
-- Installing: /mnt/c/ros2_ws/install/rake_umay_description/share/rake_umay_description/launch/gazebo.launch.py
-- Installing: /mnt/c/ros2_ws/install/rake_umay_description/share/rake_umay_description/config
-- Installing: /mnt/c/ros2_ws/install/rake_umay_description/share/rake_umay_description/config/controller.yaml
-- Installing: /mnt/c/ros2_ws/install/rake_umay_description/share/ament_index/resource_index/package_run_dependencies/rake_umay_description
-- Installing: /mnt/c/ros2_ws/install/rake_umay_description/share/ament_index/resource_index/parent_prefix_path/rake_umay_description
-- Installing: /mnt/c/ros2_ws/install/rake_umay_description/share/rake_umay_description/environment/ament_prefix_path.sh
-- Installing: /mnt/c/ros2_ws/install/rake_umay_description/share/rake_umay_description/environment/ament_prefix_path.dsv
-- Installing: /mnt/c/ros2_ws/install/rake_umay_description/share/rake_umay_description/environment/path.sh
-- Installing: /mnt/c/ros2_ws/install/rake_umay_description/share/rake_umay_description/environment/path.dsv
-- Installing: /mnt/c/ros2_ws/install/rake_umay_description/share/rake_umay_description/local_setup.bash
-- Installing: /mnt/c/ros2_ws/install/rake_umay_description/share/rake_umay_description/local_setup.sh
-- Installing: /mnt/c/ros2_ws/install/rake_umay_description/share/rake_umay_description/local_setup.zsh
-- Installing: /mnt/c/ros2_ws/install/rake_umay_description/share/rake_umay_description/local_setup.dsv
-- Installing: /mnt/c/ros2_ws/install/rake_umay_description/share/rake_umay_description/package.dsv
-- Installing: /mnt/c/ros2_ws/install/rake_umay_description/share/ament_index/resource_index/packages/rake_umay_description
-- Installing: /mnt/c/ros2_ws/install/rake_umay_description/share/rake_umay_description/cmake/rake_umay_descriptionConfig.cmake
-- Installing: /mnt/c/ros2_ws/install/rake_umay_description/share/rake_umay_description/cmake/rake_umay_descriptionConfig-version.cmake
-- Installing: /mnt/c/ros2_ws/install/rake_umay_description/share/rake_umay_description/package.xml
