[0.052s] Invoking command in '/mnt/c/ros2_ws/build/rake_umay_description': CMAKE_PREFIX_PATH=${CMAKE_PREFIX_PATH}:/opt/ros/jazzy /usr/bin/cmake /mnt/c/ros2_ws/src/rake_umay_description -DCMAKE_INSTALL_PREFIX=/mnt/c/ros2_ws/install/rake_umay_description
[0.282s] -- The C compiler identification is GNU 13.3.0
[0.848s] -- The CXX compiler identification is GNU 13.3.0
[1.304s] -- Detecting C compiler ABI info
[1.885s] -- Detecting C compiler ABI info - done
[1.911s] -- Check for working C compiler: /usr/bin/cc - skipped
[1.912s] -- Detecting C compile features
[1.913s] -- Detecting C compile features - done
[2.010s] -- Detecting CXX compiler ABI info
[2.593s] -- Detecting CXX compiler ABI info - done
[2.620s] -- Check for working CXX compiler: /usr/bin/c++ - skipped
[2.621s] -- Detecting CXX compile features
[2.622s] -- Detecting CXX compile features - done
[2.668s] -- Found ament_cmake: 2.5.4 (/opt/ros/jazzy/share/ament_cmake/cmake)
[2.817s] -- Found Python3: /usr/bin/python3 (found version "3.12.3") found components: Interpreter 
[3.215s] -- Found ament_lint_auto: 0.17.2 (/opt/ros/jazzy/share/ament_lint_auto/cmake)
[3.998s] -- Added test 'flake8' to check Python code syntax and style conventions
[3.999s] -- Configured 'flake8' exclude dirs and/or files: 
[4.085s] -- Added test 'lint_cmake' to check CMake code style
[4.128s] -- Added test 'pep257' to check Python code against some of the docstring style conventions in PEP 257
[4.530s] -- Added test 'xmllint' to check XML markup files
[4.619s] -- Configuring done (4.5s)
[4.851s] -- Generating done (0.2s)
[4.957s] -- Build files have been written to: /mnt/c/ros2_ws/build/rake_umay_description
[4.961s] Invoked command in '/mnt/c/ros2_ws/build/rake_umay_description' returned '0': CMAKE_PREFIX_PATH=${CMAKE_PREFIX_PATH}:/opt/ros/jazzy /usr/bin/cmake /mnt/c/ros2_ws/src/rake_umay_description -DCMAKE_INSTALL_PREFIX=/mnt/c/ros2_ws/install/rake_umay_description
[4.968s] Invoking command in '/mnt/c/ros2_ws/build/rake_umay_description': CMAKE_PREFIX_PATH=${CMAKE_PREFIX_PATH}:/opt/ros/jazzy /usr/bin/cmake --build /mnt/c/ros2_ws/build/rake_umay_description -- -j16 -l16
[5.059s] Invoked command in '/mnt/c/ros2_ws/build/rake_umay_description' returned '0': CMAKE_PREFIX_PATH=${CMAKE_PREFIX_PATH}:/opt/ros/jazzy /usr/bin/cmake --build /mnt/c/ros2_ws/build/rake_umay_description -- -j16 -l16
[5.081s] Invoking command in '/mnt/c/ros2_ws/build/rake_umay_description': CMAKE_PREFIX_PATH=${CMAKE_PREFIX_PATH}:/opt/ros/jazzy /usr/bin/cmake --install /mnt/c/ros2_ws/build/rake_umay_description
[5.092s] -- Install configuration: ""
[5.097s] -- Installing: /mnt/c/ros2_ws/install/rake_umay_description/share/rake_umay_description/urdf
[5.118s] -- Installing: /mnt/c/ros2_ws/install/rake_umay_description/share/rake_umay_description/urdf/rake_umay_sensors.urdf.xacro
[5.173s] -- Installing: /mnt/c/ros2_ws/install/rake_umay_description/share/rake_umay_description/urdf/rake_umay_v2.urdf.xacro
[5.221s] -- Installing: /mnt/c/ros2_ws/install/rake_umay_description/share/rake_umay_description/launch
[5.244s] -- Installing: /mnt/c/ros2_ws/install/rake_umay_description/share/rake_umay_description/launch/display.launch.py
[5.298s] -- Installing: /mnt/c/ros2_ws/install/rake_umay_description/share/rake_umay_description/launch/gazebo.launch.py
[5.345s] -- Installing: /mnt/c/ros2_ws/install/rake_umay_description/share/rake_umay_description/config
[5.368s] -- Installing: /mnt/c/ros2_ws/install/rake_umay_description/share/rake_umay_description/config/controller.yaml
[5.435s] -- Installing: /mnt/c/ros2_ws/install/rake_umay_description/share/ament_index/resource_index/package_run_dependencies/rake_umay_description
[5.514s] -- Installing: /mnt/c/ros2_ws/install/rake_umay_description/share/ament_index/resource_index/parent_prefix_path/rake_umay_description
[5.582s] -- Installing: /mnt/c/ros2_ws/install/rake_umay_description/share/rake_umay_description/environment/ament_prefix_path.sh
[5.651s] -- Installing: /mnt/c/ros2_ws/install/rake_umay_description/share/rake_umay_description/environment/ament_prefix_path.dsv
[5.698s] -- Installing: /mnt/c/ros2_ws/install/rake_umay_description/share/rake_umay_description/environment/path.sh
[5.742s] -- Installing: /mnt/c/ros2_ws/install/rake_umay_description/share/rake_umay_description/environment/path.dsv
[5.789s] -- Installing: /mnt/c/ros2_ws/install/rake_umay_description/share/rake_umay_description/local_setup.bash
[5.831s] -- Installing: /mnt/c/ros2_ws/install/rake_umay_description/share/rake_umay_description/local_setup.sh
[5.874s] -- Installing: /mnt/c/ros2_ws/install/rake_umay_description/share/rake_umay_description/local_setup.zsh
[5.917s] -- Installing: /mnt/c/ros2_ws/install/rake_umay_description/share/rake_umay_description/local_setup.dsv
[5.963s] -- Installing: /mnt/c/ros2_ws/install/rake_umay_description/share/rake_umay_description/package.dsv
[6.023s] -- Installing: /mnt/c/ros2_ws/install/rake_umay_description/share/ament_index/resource_index/packages/rake_umay_description
[6.094s] -- Installing: /mnt/c/ros2_ws/install/rake_umay_description/share/rake_umay_description/cmake/rake_umay_descriptionConfig.cmake
[6.156s] -- Installing: /mnt/c/ros2_ws/install/rake_umay_description/share/rake_umay_description/cmake/rake_umay_descriptionConfig-version.cmake
[6.217s] -- Installing: /mnt/c/ros2_ws/install/rake_umay_description/share/rake_umay_description/package.xml
[6.274s] Invoked command in '/mnt/c/ros2_ws/build/rake_umay_description' returned '0': CMAKE_PREFIX_PATH=${CMAKE_PREFIX_PATH}:/opt/ros/jazzy /usr/bin/cmake --install /mnt/c/ros2_ws/build/rake_umay_description
