[0.107s] Invoking command in '/mnt/c/ros2_ws/build/rake_umay_description': /usr/bin/cmake --build /mnt/c/ros2_ws/build/rake_umay_description -- -j16 -l16
[0.413s] Invoked command in '/mnt/c/ros2_ws/build/rake_umay_description' returned '0': /usr/bin/cmake --build /mnt/c/ros2_ws/build/rake_umay_description -- -j16 -l16
[0.516s] Invoking command in '/mnt/c/ros2_ws/build/rake_umay_description': /usr/bin/cmake --install /mnt/c/ros2_ws/build/rake_umay_description
[0.601s] -- Install configuration: ""
[0.608s] -- Up-to-date: /mnt/c/ros2_ws/install/rake_umay_description/share/rake_umay_description/urdf
[0.630s] -- Up-to-date: /mnt/c/ros2_ws/install/rake_umay_description/share/rake_umay_description/urdf/rake_umay_sensors.urdf.xacro
[0.647s] -- Up-to-date: /mnt/c/ros2_ws/install/rake_umay_description/share/rake_umay_description/urdf/rake_umay_v2.urdf.xacro
[0.658s] -- Up-to-date: /mnt/c/ros2_ws/install/rake_umay_description/share/rake_umay_description/launch
[0.679s] -- Up-to-date: /mnt/c/ros2_ws/install/rake_umay_description/share/rake_umay_description/launch/display.launch.py
[0.696s] -- Installing: /mnt/c/ros2_ws/install/rake_umay_description/share/rake_umay_description/launch/gazebo.launch.py
[0.754s] -- Up-to-date: /mnt/c/ros2_ws/install/rake_umay_description/share/rake_umay_description/config
[0.784s] -- Up-to-date: /mnt/c/ros2_ws/install/rake_umay_description/share/ament_index/resource_index/package_run_dependencies/rake_umay_description
[0.809s] -- Up-to-date: /mnt/c/ros2_ws/install/rake_umay_description/share/ament_index/resource_index/parent_prefix_path/rake_umay_description
[0.823s] -- Up-to-date: /mnt/c/ros2_ws/install/rake_umay_description/share/rake_umay_description/environment/ament_prefix_path.sh
[0.841s] -- Up-to-date: /mnt/c/ros2_ws/install/rake_umay_description/share/rake_umay_description/environment/ament_prefix_path.dsv
[0.854s] -- Up-to-date: /mnt/c/ros2_ws/install/rake_umay_description/share/rake_umay_description/environment/path.sh
[0.869s] -- Up-to-date: /mnt/c/ros2_ws/install/rake_umay_description/share/rake_umay_description/environment/path.dsv
[0.884s] -- Up-to-date: /mnt/c/ros2_ws/install/rake_umay_description/share/rake_umay_description/local_setup.bash
[0.899s] -- Up-to-date: /mnt/c/ros2_ws/install/rake_umay_description/share/rake_umay_description/local_setup.sh
[0.912s] -- Up-to-date: /mnt/c/ros2_ws/install/rake_umay_description/share/rake_umay_description/local_setup.zsh
[0.928s] -- Up-to-date: /mnt/c/ros2_ws/install/rake_umay_description/share/rake_umay_description/local_setup.dsv
[0.944s] -- Installing: /mnt/c/ros2_ws/install/rake_umay_description/share/rake_umay_description/package.dsv
[1.004s] -- Up-to-date: /mnt/c/ros2_ws/install/rake_umay_description/share/ament_index/resource_index/packages/rake_umay_description
[1.028s] -- Up-to-date: /mnt/c/ros2_ws/install/rake_umay_description/share/rake_umay_description/cmake/rake_umay_descriptionConfig.cmake
[1.064s] -- Up-to-date: /mnt/c/ros2_ws/install/rake_umay_description/share/rake_umay_description/cmake/rake_umay_descriptionConfig-version.cmake
[1.085s] -- Up-to-date: /mnt/c/ros2_ws/install/rake_umay_description/share/rake_umay_description/package.xml
[1.094s] Invoked command in '/mnt/c/ros2_ws/build/rake_umay_description' returned '0': /usr/bin/cmake --install /mnt/c/ros2_ws/build/rake_umay_description
