[0.073s] Invoking command in '/mnt/c/ros2_ws/build/rake_umay_description': /usr/bin/cmake /mnt/c/ros2_ws/src/rake_umay_description -DCMAKE_INSTALL_PREFIX=/mnt/c/ros2_ws/install/rake_umay_description
[0.204s] [33mCMake Warning (dev) in CMakeLists.txt:
[0.205s]   No project() command is present.  The top-level CMakeLists.txt file must
[0.206s]   contain a literal, direct call to the project() command.  Add a line of
[0.206s]   code such as
[0.208s] 
[0.209s]     project(ProjectName)
[0.210s] 
[0.210s]   near the top of the file, but after cmake_minimum_required().
[0.211s] 
[0.212s]   CMake is pretending there is a "project(Project)" command on the first
[0.213s]   line.
[0.213s] This warning is for project developers.  Use -Wno-dev to suppress it.
[0.214s] [0m
[0.576s] -- The C compiler identification is GNU 11.4.0
[1.124s] -- The CXX compiler identification is GNU 11.4.0
[1.445s] -- Detecting C compiler ABI info
[2.229s] -- Detecting C compiler ABI info - done
[2.232s] -- Check for working C compiler: /usr/bin/cc - skipped
[2.232s] -- Detecting C compile features
[2.234s] -- Detecting C compile features - done
[2.282s] -- Detecting CXX compiler ABI info
[3.039s] -- Detecting CXX compiler ABI info - done
[3.062s] -- Check for working CXX compiler: /usr/bin/c++ - skipped
[3.063s] -- Detecting CXX compile features
[3.065s] -- Detecting CXX compile features - done
[3.107s] -- Configuring done
[3.181s] -- Generating done
[3.268s] -- Build files have been written to: /mnt/c/ros2_ws/build/rake_umay_description
[3.279s] Invoked command in '/mnt/c/ros2_ws/build/rake_umay_description' returned '0': /usr/bin/cmake /mnt/c/ros2_ws/src/rake_umay_description -DCMAKE_INSTALL_PREFIX=/mnt/c/ros2_ws/install/rake_umay_description
[3.285s] Invoking command in '/mnt/c/ros2_ws/build/rake_umay_description': /usr/bin/cmake --build /mnt/c/ros2_ws/build/rake_umay_description -- -j16 -l16
[3.369s] gmake: Warning: File 'Makefile' has modification time 0.77 s in the future
[3.542s] gmake[1]: Warning: File 'CMakeFiles/Makefile2' has modification time 0.63 s in the future
[3.543s] gmake[1]: warning:  Clock skew detected.  Your build may be incomplete.
[3.627s] gmake: warning:  Clock skew detected.  Your build may be incomplete.
[3.737s] Invoked command in '/mnt/c/ros2_ws/build/rake_umay_description' returned '0': /usr/bin/cmake --build /mnt/c/ros2_ws/build/rake_umay_description -- -j16 -l16
