[0.093s] Invoking command in '/mnt/c/ros2_ws/build/rake_umay_description': /usr/bin/cmake --build /mnt/c/ros2_ws/build/rake_umay_description -- -j16 -l16
[0.507s] Invoked command in '/mnt/c/ros2_ws/build/rake_umay_description' returned '0': /usr/bin/cmake --build /mnt/c/ros2_ws/build/rake_umay_description -- -j16 -l16
[0.599s] Invoking command in '/mnt/c/ros2_ws/build/rake_umay_description': /usr/bin/cmake --install /mnt/c/ros2_ws/build/rake_umay_description
[0.671s] -- Install configuration: ""
[0.678s] -- Up-to-date: /mnt/c/ros2_ws/install/rake_umay_description/share/rake_umay_description/urdf
[0.699s] -- Up-to-date: /mnt/c/ros2_ws/install/rake_umay_description/share/rake_umay_description/urdf/rake_umay_sensors.urdf.xacro
[0.715s] -- Up-to-date: /mnt/c/ros2_ws/install/rake_umay_description/share/rake_umay_description/urdf/rake_umay_v2.urdf.xacro
[0.725s] -- Up-to-date: /mnt/c/ros2_ws/install/rake_umay_description/share/rake_umay_description/launch
[0.748s] -- Up-to-date: /mnt/c/ros2_ws/install/rake_umay_description/share/rake_umay_description/launch/display.launch.py
[0.766s] -- Installing: /mnt/c/ros2_ws/install/rake_umay_description/share/rake_umay_description/launch/gazebo.launch.py
[0.818s] -- Up-to-date: /mnt/c/ros2_ws/install/rake_umay_description/share/rake_umay_description/config
[0.848s] -- Up-to-date: /mnt/c/ros2_ws/install/rake_umay_description/share/ament_index/resource_index/package_run_dependencies/rake_umay_description
[0.874s] -- Up-to-date: /mnt/c/ros2_ws/install/rake_umay_description/share/ament_index/resource_index/parent_prefix_path/rake_umay_description
[0.887s] -- Up-to-date: /mnt/c/ros2_ws/install/rake_umay_description/share/rake_umay_description/environment/ament_prefix_path.sh
[0.903s] -- Up-to-date: /mnt/c/ros2_ws/install/rake_umay_description/share/rake_umay_description/environment/ament_prefix_path.dsv
[0.917s] -- Up-to-date: /mnt/c/ros2_ws/install/rake_umay_description/share/rake_umay_description/environment/path.sh
[0.934s] -- Up-to-date: /mnt/c/ros2_ws/install/rake_umay_description/share/rake_umay_description/environment/path.dsv
[0.952s] -- Up-to-date: /mnt/c/ros2_ws/install/rake_umay_description/share/rake_umay_description/local_setup.bash
[0.968s] -- Up-to-date: /mnt/c/ros2_ws/install/rake_umay_description/share/rake_umay_description/local_setup.sh
[0.986s] -- Up-to-date: /mnt/c/ros2_ws/install/rake_umay_description/share/rake_umay_description/local_setup.zsh
[1.003s] -- Up-to-date: /mnt/c/ros2_ws/install/rake_umay_description/share/rake_umay_description/local_setup.dsv
[1.023s] -- Installing: /mnt/c/ros2_ws/install/rake_umay_description/share/rake_umay_description/package.dsv
[1.097s] -- Up-to-date: /mnt/c/ros2_ws/install/rake_umay_description/share/ament_index/resource_index/packages/rake_umay_description
[1.117s] -- Up-to-date: /mnt/c/ros2_ws/install/rake_umay_description/share/rake_umay_description/cmake/rake_umay_descriptionConfig.cmake
[1.129s] -- Up-to-date: /mnt/c/ros2_ws/install/rake_umay_description/share/rake_umay_description/cmake/rake_umay_descriptionConfig-version.cmake
[1.149s] -- Up-to-date: /mnt/c/ros2_ws/install/rake_umay_description/share/rake_umay_description/package.xml
[1.161s] Invoked command in '/mnt/c/ros2_ws/build/rake_umay_description' returned '0': /usr/bin/cmake --install /mnt/c/ros2_ws/build/rake_umay_description
