[0.089s] Invoking command in '/mnt/c/ros2_ws/build/rake_umay_gazebo': /usr/bin/cmake /mnt/c/ros2_ws/src/rake_umay_gazebo -DCMAKE_INSTALL_PREFIX=/mnt/c/ros2_ws/install/rake_umay_gazebo
[0.197s] [33mCMake Warning (dev) in CMakeLists.txt:
[0.198s]   No project() command is present.  The top-level CMakeLists.txt file must
[0.199s]   contain a literal, direct call to the project() command.  Add a line of
[0.199s]   code such as
[0.200s] 
[0.201s]     project(ProjectName)
[0.201s] 
[0.202s]   near the top of the file, but after cmake_minimum_required().
[0.203s] 
[0.204s]   CMake is pretending there is a "project(Project)" command on the first
[0.204s]   line.
[0.205s] This warning is for project developers.  Use -Wno-dev to suppress it.
[0.206s] [0m
[0.557s] -- The C compiler identification is GNU 11.4.0
[1.106s] -- The CXX compiler identification is GNU 11.4.0
[1.428s] -- Detecting C compiler ABI info
[2.210s] -- Detecting C compiler ABI info - done
[2.212s] -- Check for working C compiler: /usr/bin/cc - skipped
[2.213s] -- Detecting C compile features
[2.215s] -- Detecting C compile features - done
[2.264s] -- Detecting CXX compiler ABI info
[3.022s] -- Detecting CXX compiler ABI info - done
[3.045s] -- Check for working CXX compiler: /usr/bin/c++ - skipped
[3.046s] -- Detecting CXX compile features
[3.048s] -- Detecting CXX compile features - done
[3.090s] -- Configuring done
[3.162s] -- Generating done
[3.248s] -- Build files have been written to: /mnt/c/ros2_ws/build/rake_umay_gazebo
[3.251s] Invoked command in '/mnt/c/ros2_ws/build/rake_umay_gazebo' returned '0': /usr/bin/cmake /mnt/c/ros2_ws/src/rake_umay_gazebo -DCMAKE_INSTALL_PREFIX=/mnt/c/ros2_ws/install/rake_umay_gazebo
[3.259s] Invoking command in '/mnt/c/ros2_ws/build/rake_umay_gazebo': /usr/bin/cmake --build /mnt/c/ros2_ws/build/rake_umay_gazebo -- -j16 -l16
[3.344s] gmake: Warning: File 'Makefile' has modification time 0.78 s in the future
[3.520s] gmake[1]: Warning: File 'CMakeFiles/Makefile2' has modification time 0.64 s in the future
[3.521s] gmake[1]: warning:  Clock skew detected.  Your build may be incomplete.
[3.605s] gmake: warning:  Clock skew detected.  Your build may be incomplete.
[3.607s] Invoked command in '/mnt/c/ros2_ws/build/rake_umay_gazebo' returned '0': /usr/bin/cmake --build /mnt/c/ros2_ws/build/rake_umay_gazebo -- -j16 -l16
