[0.073s] Invoking command in '/mnt/c/ros2_ws/build/rake_umay_description': /usr/bin/cmake --build /mnt/c/ros2_ws/build/rake_umay_description -- -j16 -l16
[0.327s] -- Found ament_cmake: 1.3.11 (/opt/ros/humble/share/ament_cmake/cmake)
[0.536s] -- Found ament_lint_auto: 0.12.12 (/opt/ros/humble/share/ament_lint_auto/cmake)
[1.114s] -- Added test 'flake8' to check Python code syntax and style conventions
[1.192s] -- Added test 'lint_cmake' to check CMake code style
[1.230s] -- Added test 'pep257' to check Python code against some of the docstring style conventions in PEP 257
[1.573s] -- Added test 'xmllint' to check XML markup files
[1.625s] -- Configuring done
[1.817s] -- Generating done
[1.945s] -- Build files have been written to: /mnt/c/ros2_ws/build/rake_umay_description
[2.099s] Invoked command in '/mnt/c/ros2_ws/build/rake_umay_description' returned '0': /usr/bin/cmake --build /mnt/c/ros2_ws/build/rake_umay_description -- -j16 -l16
[2.183s] Invoking command in '/mnt/c/ros2_ws/build/rake_umay_description': /usr/bin/cmake --install /mnt/c/ros2_ws/build/rake_umay_description
[2.253s] -- Install configuration: ""
[2.261s] -- Installing: /mnt/c/ros2_ws/install/rake_umay_description/share/rake_umay_description/urdf
[2.286s] -- Installing: /mnt/c/ros2_ws/install/rake_umay_description/share/rake_umay_description/urdf/rake_umay_v2.urdf.xacro
[2.343s] -- Installing: /mnt/c/ros2_ws/install/rake_umay_description/share/rake_umay_description/launch
[2.366s] -- Installing: /mnt/c/ros2_ws/install/rake_umay_description/share/rake_umay_description/launch/display.launch.py
[2.415s] [31mCMake Error at cmake_install.cmake:46 (file):
[2.416s]   file INSTALL cannot find "/mnt/c/ros2_ws/src/rake_umay_description/rviz":
[2.417s]   No such file or directory.
[2.418s] 
[2.418s] [0m
[2.419s] Invoked command in '/mnt/c/ros2_ws/build/rake_umay_description' returned '1': /usr/bin/cmake --install /mnt/c/ros2_ws/build/rake_umay_description
