[0.153s] DEBUG:colcon:Command line arguments: ['/usr/bin/colcon', 'build']
[0.154s] DEBUG:colcon:Parsed command line arguments: Namespace(log_base=None, log_level=None, verb_name='build', build_base='build', install_base='install', merge_install=False, symlink_install=False, test_result_base=None, continue_on_error=False, executor='parallel', parallel_workers=16, event_handlers=None, ignore_user_meta=False, metas=['./colcon.meta'], base_paths=['.'], packages_ignore=None, packages_ignore_regex=None, paths=None, packages_up_to=None, packages_up_to_regex=None, packages_above=None, packages_above_and_dependencies=None, packages_above_depth=None, packages_select_by_dep=None, packages_skip_by_dep=None, packages_skip_up_to=None, packages_select_build_failed=False, packages_skip_build_finished=False, packages_select_test_failures=False, packages_skip_test_passed=False, packages_select=None, packages_skip=None, packages_select_regex=None, packages_skip_regex=None, packages_start=None, packages_end=None, cmake_args=None, cmake_target=None, cmake_target_skip_unavailable=False, cmake_clean_cache=False, cmake_clean_first=False, cmake_force_configure=False, ament_cmake_args=None, catkin_cmake_args=None, catkin_skip_building_tests=False, verb_parser=<colcon_defaults.argument_parser.defaults.DefaultArgumentsDecorator object at 0x7ffa2bdc16a0>, verb_extension=<colcon_core.verb.build.BuildVerb object at 0x7ffa2bdc1490>, main=<bound method BuildVerb.main of <colcon_core.verb.build.BuildVerb object at 0x7ffa2bdc1490>>)
[0.186s] Level 1:colcon.colcon_core.package_discovery:discover_packages(colcon_meta) check parameters
[0.187s] Level 1:colcon.colcon_core.package_discovery:discover_packages(recursive) check parameters
[0.187s] Level 1:colcon.colcon_core.package_discovery:discover_packages(ignore) check parameters
[0.187s] Level 1:colcon.colcon_core.package_discovery:discover_packages(path) check parameters
[0.188s] Level 1:colcon.colcon_core.package_discovery:discover_packages(colcon_meta) discover
[0.188s] Level 1:colcon.colcon_core.package_discovery:discover_packages(recursive) discover
[0.188s] INFO:colcon.colcon_core.package_discovery:Crawling recursively for packages in '/mnt/c/ros2_ws'
[0.189s] Level 1:colcon.colcon_core.package_identification:_identify(.) by extensions ['ignore', 'ignore_ament_install']
[0.189s] Level 1:colcon.colcon_core.package_identification:_identify(.) by extension 'ignore'
[0.190s] Level 1:colcon.colcon_core.package_identification:_identify(.) by extension 'ignore_ament_install'
[0.190s] Level 1:colcon.colcon_core.package_identification:_identify(.) by extensions ['colcon_pkg']
[0.190s] Level 1:colcon.colcon_core.package_identification:_identify(.) by extension 'colcon_pkg'
[0.190s] Level 1:colcon.colcon_core.package_identification:_identify(.) by extensions ['colcon_meta']
[0.191s] Level 1:colcon.colcon_core.package_identification:_identify(.) by extension 'colcon_meta'
[0.191s] Level 1:colcon.colcon_core.package_identification:_identify(.) by extensions ['ros']
[0.191s] Level 1:colcon.colcon_core.package_identification:_identify(.) by extension 'ros'
[0.207s] Level 1:colcon.colcon_core.package_identification:_identify(.) by extensions ['cmake', 'python']
[0.208s] Level 1:colcon.colcon_core.package_identification:_identify(.) by extension 'cmake'
[0.208s] Level 1:colcon.colcon_core.package_identification:_identify(.) by extension 'python'
[0.209s] Level 1:colcon.colcon_core.package_identification:_identify(.) by extensions ['python_setup_py']
[0.209s] Level 1:colcon.colcon_core.package_identification:_identify(.) by extension 'python_setup_py'
[0.211s] Level 1:colcon.colcon_core.package_identification:_identify(build) by extensions ['ignore', 'ignore_ament_install']
[0.211s] Level 1:colcon.colcon_core.package_identification:_identify(build) by extension 'ignore'
[0.212s] Level 1:colcon.colcon_core.package_identification:_identify(build) ignored
[0.214s] Level 1:colcon.colcon_core.package_identification:_identify(install) by extensions ['ignore', 'ignore_ament_install']
[0.214s] Level 1:colcon.colcon_core.package_identification:_identify(install) by extension 'ignore'
[0.215s] Level 1:colcon.colcon_core.package_identification:_identify(install) ignored
[0.218s] Level 1:colcon.colcon_core.package_identification:_identify(log) by extensions ['ignore', 'ignore_ament_install']
[0.219s] Level 1:colcon.colcon_core.package_identification:_identify(log) by extension 'ignore'
[0.219s] Level 1:colcon.colcon_core.package_identification:_identify(log) ignored
[0.221s] Level 1:colcon.colcon_core.package_identification:_identify(src) by extensions ['ignore', 'ignore_ament_install']
[0.221s] Level 1:colcon.colcon_core.package_identification:_identify(src) by extension 'ignore'
[0.221s] Level 1:colcon.colcon_core.package_identification:_identify(src) by extension 'ignore_ament_install'
[0.223s] Level 1:colcon.colcon_core.package_identification:_identify(src) by extensions ['colcon_pkg']
[0.223s] Level 1:colcon.colcon_core.package_identification:_identify(src) by extension 'colcon_pkg'
[0.223s] Level 1:colcon.colcon_core.package_identification:_identify(src) by extensions ['colcon_meta']
[0.223s] Level 1:colcon.colcon_core.package_identification:_identify(src) by extension 'colcon_meta'
[0.224s] Level 1:colcon.colcon_core.package_identification:_identify(src) by extensions ['ros']
[0.224s] Level 1:colcon.colcon_core.package_identification:_identify(src) by extension 'ros'
[0.226s] Level 1:colcon.colcon_core.package_identification:_identify(src) by extensions ['cmake', 'python']
[0.226s] Level 1:colcon.colcon_core.package_identification:_identify(src) by extension 'cmake'
[0.227s] Level 1:colcon.colcon_core.package_identification:_identify(src) by extension 'python'
[0.228s] Level 1:colcon.colcon_core.package_identification:_identify(src) by extensions ['python_setup_py']
[0.228s] Level 1:colcon.colcon_core.package_identification:_identify(src) by extension 'python_setup_py'
[0.231s] Level 1:colcon.colcon_core.package_identification:_identify(src/rake_umay_description) by extensions ['ignore', 'ignore_ament_install']
[0.231s] Level 1:colcon.colcon_core.package_identification:_identify(src/rake_umay_description) by extension 'ignore'
[0.232s] Level 1:colcon.colcon_core.package_identification:_identify(src/rake_umay_description) by extension 'ignore_ament_install'
[0.234s] Level 1:colcon.colcon_core.package_identification:_identify(src/rake_umay_description) by extensions ['colcon_pkg']
[0.234s] Level 1:colcon.colcon_core.package_identification:_identify(src/rake_umay_description) by extension 'colcon_pkg'
[0.235s] Level 1:colcon.colcon_core.package_identification:_identify(src/rake_umay_description) by extensions ['colcon_meta']
[0.235s] Level 1:colcon.colcon_core.package_identification:_identify(src/rake_umay_description) by extension 'colcon_meta'
[0.237s] Level 1:colcon.colcon_core.package_identification:_identify(src/rake_umay_description) by extensions ['ros']
[0.237s] Level 1:colcon.colcon_core.package_identification:_identify(src/rake_umay_description) by extension 'ros'
[0.247s] DEBUG:colcon.colcon_core.package_identification:Package 'src/rake_umay_description' with type 'ros.ament_cmake' and name 'rake_umay_description'
[0.247s] Level 1:colcon.colcon_core.package_discovery:discover_packages(recursive) using defaults
[0.247s] Level 1:colcon.colcon_core.package_discovery:discover_packages(ignore) discover
[0.247s] Level 1:colcon.colcon_core.package_discovery:discover_packages(ignore) using defaults
[0.247s] Level 1:colcon.colcon_core.package_discovery:discover_packages(path) discover
[0.248s] Level 1:colcon.colcon_core.package_discovery:discover_packages(path) using defaults
[0.262s] Level 5:colcon.colcon_core.verb:set package 'rake_umay_description' build argument 'cmake_args' from command line to 'None'
[0.262s] Level 5:colcon.colcon_core.verb:set package 'rake_umay_description' build argument 'cmake_target' from command line to 'None'
[0.262s] Level 5:colcon.colcon_core.verb:set package 'rake_umay_description' build argument 'cmake_target_skip_unavailable' from command line to 'False'
[0.262s] Level 5:colcon.colcon_core.verb:set package 'rake_umay_description' build argument 'cmake_clean_cache' from command line to 'False'
[0.263s] Level 5:colcon.colcon_core.verb:set package 'rake_umay_description' build argument 'cmake_clean_first' from command line to 'False'
[0.263s] Level 5:colcon.colcon_core.verb:set package 'rake_umay_description' build argument 'cmake_force_configure' from command line to 'False'
[0.263s] Level 5:colcon.colcon_core.verb:set package 'rake_umay_description' build argument 'ament_cmake_args' from command line to 'None'
[0.263s] Level 5:colcon.colcon_core.verb:set package 'rake_umay_description' build argument 'catkin_cmake_args' from command line to 'None'
[0.263s] Level 5:colcon.colcon_core.verb:set package 'rake_umay_description' build argument 'catkin_skip_building_tests' from command line to 'False'
[0.263s] DEBUG:colcon.colcon_core.verb:Building package 'rake_umay_description' with the following arguments: {'ament_cmake_args': None, 'build_base': '/mnt/c/ros2_ws/build/rake_umay_description', 'catkin_cmake_args': None, 'catkin_skip_building_tests': False, 'cmake_args': None, 'cmake_clean_cache': False, 'cmake_clean_first': False, 'cmake_force_configure': False, 'cmake_target': None, 'cmake_target_skip_unavailable': False, 'install_base': '/mnt/c/ros2_ws/install/rake_umay_description', 'merge_install': False, 'path': '/mnt/c/ros2_ws/src/rake_umay_description', 'symlink_install': False, 'test_result_base': None}
[0.263s] INFO:colcon.colcon_core.executor:Executing jobs using 'parallel' executor
[0.264s] DEBUG:colcon.colcon_parallel_executor.executor.parallel:run_until_complete
[0.265s] INFO:colcon.colcon_ros.task.ament_cmake.build:Building ROS package in '/mnt/c/ros2_ws/src/rake_umay_description' with build type 'ament_cmake'
[0.265s] INFO:colcon.colcon_cmake.task.cmake.build:Building CMake package in '/mnt/c/ros2_ws/src/rake_umay_description'
[0.267s] INFO:colcon.colcon_core.plugin_system:Skipping extension 'colcon_core.shell.bat': Not used on non-Windows systems
[0.268s] DEBUG:colcon.colcon_core.shell:Skip shell extension 'dsv' for command environment
[0.340s] DEBUG:colcon.colcon_core.event_handler.log_command:Invoking command in '/mnt/c/ros2_ws/build/rake_umay_description': CMAKE_PREFIX_PATH=${CMAKE_PREFIX_PATH}:/opt/ros/jazzy /usr/bin/cmake --build /mnt/c/ros2_ws/build/rake_umay_description -- -j16 -l16
[2.346s] DEBUG:colcon.colcon_core.event_handler.log_command:Invoked command in '/mnt/c/ros2_ws/build/rake_umay_description' returned '0': CMAKE_PREFIX_PATH=${CMAKE_PREFIX_PATH}:/opt/ros/jazzy /usr/bin/cmake --build /mnt/c/ros2_ws/build/rake_umay_description -- -j16 -l16
[2.364s] DEBUG:colcon.colcon_core.event_handler.log_command:Invoking command in '/mnt/c/ros2_ws/build/rake_umay_description': CMAKE_PREFIX_PATH=${CMAKE_PREFIX_PATH}:/opt/ros/jazzy /usr/bin/cmake --install /mnt/c/ros2_ws/build/rake_umay_description
[2.939s] Level 1:colcon.colcon_core.environment:create_environment_scripts_only(rake_umay_description)
[2.941s] Level 1:colcon.colcon_core.environment:checking '/mnt/c/ros2_ws/install/rake_umay_description' for CMake module files
[2.942s] DEBUG:colcon.colcon_core.event_handler.log_command:Invoked command in '/mnt/c/ros2_ws/build/rake_umay_description' returned '0': CMAKE_PREFIX_PATH=${CMAKE_PREFIX_PATH}:/opt/ros/jazzy /usr/bin/cmake --install /mnt/c/ros2_ws/build/rake_umay_description
[3.000s] Level 1:colcon.colcon_core.environment:checking '/mnt/c/ros2_ws/install/rake_umay_description' for CMake config files
[3.048s] Level 1:colcon.colcon_core.shell:create_environment_hook('rake_umay_description', 'cmake_prefix_path')
[3.048s] INFO:colcon.colcon_core.shell:Creating environment descriptor '/mnt/c/ros2_ws/install/rake_umay_description/share/rake_umay_description/hook/cmake_prefix_path.dsv'
[3.059s] INFO:colcon.colcon_core.shell:Creating environment hook '/mnt/c/ros2_ws/install/rake_umay_description/share/rake_umay_description/hook/cmake_prefix_path.sh'
[3.071s] Level 1:colcon.colcon_core.environment:checking '/mnt/c/ros2_ws/install/rake_umay_description/bin'
[3.072s] Level 1:colcon.colcon_core.environment:checking '/mnt/c/ros2_ws/install/rake_umay_description/lib/pkgconfig/rake_umay_description.pc'
[3.075s] Level 1:colcon.colcon_core.environment:checking '/mnt/c/ros2_ws/install/rake_umay_description/lib/python3.12/site-packages'
[3.076s] Level 1:colcon.colcon_core.environment:checking '/mnt/c/ros2_ws/install/rake_umay_description/bin'
[3.077s] INFO:colcon.colcon_core.shell:Creating package descriptor '/mnt/c/ros2_ws/install/rake_umay_description/share/rake_umay_description/package.dsv'
[3.085s] INFO:colcon.colcon_core.shell:Creating package script '/mnt/c/ros2_ws/install/rake_umay_description/share/rake_umay_description/package.sh'
[3.096s] INFO:colcon.colcon_core.shell:Creating package script '/mnt/c/ros2_ws/install/rake_umay_description/share/rake_umay_description/package.bash'
[3.105s] INFO:colcon.colcon_core.shell:Creating package script '/mnt/c/ros2_ws/install/rake_umay_description/share/rake_umay_description/package.zsh'
[3.114s] Level 1:colcon.colcon_core.environment:create_file_with_runtime_dependencies(/mnt/c/ros2_ws/install/rake_umay_description/share/colcon-core/packages/rake_umay_description)
[3.132s] Level 1:colcon.colcon_core.environment:create_environment_scripts_only(rake_umay_description)
[3.133s] Level 1:colcon.colcon_core.environment:checking '/mnt/c/ros2_ws/install/rake_umay_description' for CMake module files
[3.189s] Level 1:colcon.colcon_core.environment:checking '/mnt/c/ros2_ws/install/rake_umay_description' for CMake config files
[3.237s] Level 1:colcon.colcon_core.shell:create_environment_hook('rake_umay_description', 'cmake_prefix_path')
[3.238s] INFO:colcon.colcon_core.shell:Creating environment descriptor '/mnt/c/ros2_ws/install/rake_umay_description/share/rake_umay_description/hook/cmake_prefix_path.dsv'
[3.248s] INFO:colcon.colcon_core.shell:Creating environment hook '/mnt/c/ros2_ws/install/rake_umay_description/share/rake_umay_description/hook/cmake_prefix_path.sh'
[3.262s] Level 1:colcon.colcon_core.environment:checking '/mnt/c/ros2_ws/install/rake_umay_description/bin'
[3.263s] Level 1:colcon.colcon_core.environment:checking '/mnt/c/ros2_ws/install/rake_umay_description/lib/pkgconfig/rake_umay_description.pc'
[3.264s] Level 1:colcon.colcon_core.environment:checking '/mnt/c/ros2_ws/install/rake_umay_description/lib/python3.12/site-packages'
[3.265s] Level 1:colcon.colcon_core.environment:checking '/mnt/c/ros2_ws/install/rake_umay_description/bin'
[3.266s] INFO:colcon.colcon_core.shell:Creating package descriptor '/mnt/c/ros2_ws/install/rake_umay_description/share/rake_umay_description/package.dsv'
[3.278s] INFO:colcon.colcon_core.shell:Creating package script '/mnt/c/ros2_ws/install/rake_umay_description/share/rake_umay_description/package.sh'
[3.289s] INFO:colcon.colcon_core.shell:Creating package script '/mnt/c/ros2_ws/install/rake_umay_description/share/rake_umay_description/package.bash'
[3.299s] INFO:colcon.colcon_core.shell:Creating package script '/mnt/c/ros2_ws/install/rake_umay_description/share/rake_umay_description/package.zsh'
[3.310s] Level 1:colcon.colcon_core.environment:create_file_with_runtime_dependencies(/mnt/c/ros2_ws/install/rake_umay_description/share/colcon-core/packages/rake_umay_description)
[3.318s] DEBUG:colcon.colcon_parallel_executor.executor.parallel:closing loop
[3.318s] DEBUG:colcon.colcon_parallel_executor.executor.parallel:loop closed
[3.319s] DEBUG:colcon.colcon_parallel_executor.executor.parallel:run_until_complete finished with '0'
[3.319s] DEBUG:colcon.colcon_core.event_reactor:joining thread
[3.370s] INFO:colcon.colcon_core.plugin_system:Skipping extension 'colcon_notification.desktop_notification.notify_send': Could not find 'notify-send'
[3.370s] INFO:colcon.colcon_core.plugin_system:Skipping extension 'colcon_notification.desktop_notification.terminal_notifier': Not used on non-Darwin systems
[3.370s] INFO:colcon.colcon_core.plugin_system:Skipping extension 'colcon_notification.desktop_notification.win32': Not used on non-Windows systems
[3.371s] INFO:colcon.colcon_notification.desktop_notification:Sending desktop notification using 'notify2'
[3.372s] DEBUG:colcon.colcon_notification.desktop_notification.notify2:Failed to initialize notify2: org.freedesktop.DBus.Error.ServiceUnknown: The name org.freedesktop.Notifications was not provided by any .service files
[3.372s] DEBUG:colcon.colcon_core.event_reactor:joined thread
[3.373s] INFO:colcon.colcon_core.shell:Creating prefix script '/mnt/c/ros2_ws/install/local_setup.sh'
[3.378s] INFO:colcon.colcon_core.shell:Creating prefix util module '/mnt/c/ros2_ws/install/_local_setup_util_sh.py'
[3.384s] INFO:colcon.colcon_core.shell:Creating prefix chain script '/mnt/c/ros2_ws/install/setup.sh'
[3.396s] INFO:colcon.colcon_core.shell:Creating prefix script '/mnt/c/ros2_ws/install/local_setup.bash'
[3.402s] INFO:colcon.colcon_core.shell:Creating prefix chain script '/mnt/c/ros2_ws/install/setup.bash'
[3.415s] INFO:colcon.colcon_core.shell:Creating prefix script '/mnt/c/ros2_ws/install/local_setup.zsh'
[3.419s] INFO:colcon.colcon_core.shell:Creating prefix chain script '/mnt/c/ros2_ws/install/setup.zsh'
