[0.064s] Invoking command in '/mnt/c/ros2_ws/build/rake_umay_description': /usr/bin/cmake --build /mnt/c/ros2_ws/build/rake_umay_description -- -j16 -l16
[0.339s] -- Found ament_cmake: 1.3.11 (/opt/ros/humble/share/ament_cmake/cmake)
[0.497s] -- Found Python3: /usr/bin/python3 (found version "3.10.12") found components: Interpreter 
[0.682s] -- Found ament_lint_auto: 0.12.12 (/opt/ros/humble/share/ament_lint_auto/cmake)
[1.361s] -- Added test 'lint_cmake' to check CMake code style
[1.698s] -- Added test 'xmllint' to check XML markup files
[1.792s] -- Configuring done
[2.010s] -- Generating done
[2.141s] -- Build files have been written to: /mnt/c/ros2_ws/build/rake_umay_description
[2.223s] gmake[1]: Warning: File 'CMakeFiles/Makefile2' has modification time 0.99 s in the future
[2.225s] gmake[1]: warning:  Clock skew detected.  Your build may be incomplete.
[2.304s] Invoked command in '/mnt/c/ros2_ws/build/rake_umay_description' returned '0': /usr/bin/cmake --build /mnt/c/ros2_ws/build/rake_umay_description -- -j16 -l16
[2.389s] Invoking command in '/mnt/c/ros2_ws/build/rake_umay_description': /usr/bin/cmake --install /mnt/c/ros2_ws/build/rake_umay_description
[2.461s] -- Install configuration: ""
[2.489s] -- Installing: /mnt/c/ros2_ws/install/rake_umay_description/share/ament_index/resource_index/package_run_dependencies/rake_umay_description
[2.595s] -- Installing: /mnt/c/ros2_ws/install/rake_umay_description/share/ament_index/resource_index/parent_prefix_path/rake_umay_description
[2.664s] -- Installing: /mnt/c/ros2_ws/install/rake_umay_description/share/rake_umay_description/environment/ament_prefix_path.sh
[2.709s] -- Installing: /mnt/c/ros2_ws/install/rake_umay_description/share/rake_umay_description/environment/ament_prefix_path.dsv
[2.765s] -- Installing: /mnt/c/ros2_ws/install/rake_umay_description/share/rake_umay_description/environment/path.sh
[2.809s] -- Installing: /mnt/c/ros2_ws/install/rake_umay_description/share/rake_umay_description/environment/path.dsv
[2.865s] -- Installing: /mnt/c/ros2_ws/install/rake_umay_description/share/rake_umay_description/local_setup.bash
[2.912s] -- Installing: /mnt/c/ros2_ws/install/rake_umay_description/share/rake_umay_description/local_setup.sh
[2.960s] -- Installing: /mnt/c/ros2_ws/install/rake_umay_description/share/rake_umay_description/local_setup.zsh
[3.006s] -- Installing: /mnt/c/ros2_ws/install/rake_umay_description/share/rake_umay_description/local_setup.dsv
[3.051s] -- Installing: /mnt/c/ros2_ws/install/rake_umay_description/share/rake_umay_description/package.dsv
[3.120s] -- Installing: /mnt/c/ros2_ws/install/rake_umay_description/share/ament_index/resource_index/packages/rake_umay_description
[3.194s] -- Installing: /mnt/c/ros2_ws/install/rake_umay_description/share/rake_umay_description/cmake/rake_umay_descriptionConfig.cmake
[3.240s] -- Installing: /mnt/c/ros2_ws/install/rake_umay_description/share/rake_umay_description/cmake/rake_umay_descriptionConfig-version.cmake
[3.300s] -- Installing: /mnt/c/ros2_ws/install/rake_umay_description/share/rake_umay_description/package.xml
[3.341s] Invoked command in '/mnt/c/ros2_ws/build/rake_umay_description' returned '0': /usr/bin/cmake --install /mnt/c/ros2_ws/build/rake_umay_description
